#
# A fatal error has been detected by the Java Runtime Environment:
#
#  EXCEPTION_ACCESS_VIOLATION (0xc0000005) at pc=0x00007ff8c8ff2b60, pid=23488, tid=23092
#
# JRE version: Java(TM) SE Runtime Environment (17.0.7+8) (build 17.0.7+8-LTS-224)
# Java VM: Java HotSpot(TM) 64-Bit Server VM (17.0.7+8-LTS-224, mixed mode, sharing, tiered, compressed oops, compressed class ptrs, g1 gc, windows-amd64)
# Problematic frame:
# C  [atio6axx.dll+0x192b60]
#
# No core dump will be written. Minidumps are not enabled by default on client versions of Windows
#
# If you would like to submit a bug report, please visit:
#   https://bugreport.java.com/bugreport/crash.jsp
# The crash happened outside the Java Virtual Machine in native code.
# See problematic frame for where to report the bug.
#

---------------  S U M M A R Y ------------

Command Line: -Dforge.enableGameTest=true -Dforge.enabledGameTestNamespaces=examplemod -Dforge.logging.console.level=debug -Dforge.logging.markers=REGISTRIES -DignoreList=bootstraplauncher,securejarhandler,asm-commons,asm-util,asm-analysis,asm-tree,asm,JarJarFileSystems,client-extra,fmlcore,javafmllanguage,lowcodelanguage,mclanguage,forge- -Djava.net.preferIPv6Addresses=system -DlegacyClassPath.file=D:\ecllpse-workspace\TestMod1\build\classpath\runClient_minecraftClasspath.txt -DmergeModules=jna-5.10.0.jar,jna-platform-5.10.0.jar --module-path=C:\Users\savas\.gradle\caches\modules-2\files-2.1\cpw.mods\bootstraplauncher\1.1.2\c546e00443d8432cda6baa1c860346980742628\bootstraplauncher-1.1.2.jar;C:\Users\savas\.gradle\caches\modules-2\files-2.1\cpw.mods\securejarhandler\2.1.10\51e6a22c6c716beb11e244bf5b8be480f51dd6b5\securejarhandler-2.1.10.jar;C:\Users\savas\.gradle\caches\modules-2\files-2.1\org.ow2.asm\asm-commons\9.5\19ab5b5800a3910d30d3a3e64fdb00fd0cb42de0\asm-commons-9.5.jar;C:\Users\savas\.gradle\caches\modules-2\files-2.1\org.ow2.asm\asm-util\9.5\64b5a1fc8c1b15ed2efd6a063e976bc8d3dc5ffe\asm-util-9.5.jar;C:\Users\savas\.gradle\caches\modules-2\files-2.1\org.ow2.asm\asm-analysis\9.5\490bacc77de7cbc0be1a30bb3471072d705be4a4\asm-analysis-9.5.jar;C:\Users\savas\.gradle\caches\modules-2\files-2.1\org.ow2.asm\asm-tree\9.5\fd33c8b6373abaa675be407082fdfda35021254a\asm-tree-9.5.jar;C:\Users\savas\.gradle\caches\modules-2\files-2.1\org.ow2.asm\asm\9.5\dc6ea1875f4d64fbc85e1691c95b96a3d8569c90\asm-9.5.jar;C:\Users\savas\.gradle\caches\modules-2\files-2.1\net.minecraftforge\JarJarFileSystems\0.3.19\2464eb7d6b9ddb9db36a82cf8a95193e5c6fe020\JarJarFileSystems-0.3.19.jar --add-modules=ALL-MODULE-PATH --add-opens=java.base/java.util.jar=cpw.mods.securejarhandler --add-opens=java.base/java.lang.invoke=cpw.mods.securejarhandler --add-exports=java.base/sun.security.util=cpw.mods.securejarhandler --add-exports=jdk.naming.dns/com.sun.jndi.dns=java.naming -XX:HeapDumpPath=MojangTricksIntelDriversForPerformance_javaw.exe_minecraft.exe.heapdump -Dfile.encoding=windows-1252 -Duser.country=US -Duser.language=en -Duser.variant cpw.mods.bootstraplauncher.BootstrapLauncher --launchTarget forgeclientuserdev --version MOD_DEV --assetIndex 5 --assetsDir C:\Users\savas\.gradle\caches\forge_gradle\assets --gameDir . --fml.forgeVersion 47.1.0 --fml.mcVersion 1.20.1 --fml.forgeGroup net.minecraftforge --fml.mcpVersion 20230612.114412

Host: AMD Ryzen 7 6800HS with Radeon Graphics         , 16 cores, 15G,  Windows 11 , 64 bit Build 22621 (10.0.22621.1778)
Time: Mon Jul 10 18:41:10 2023 Turkey Standard Time elapsed time: 2.328379 seconds (0d 0h 0m 2s)

---------------  T H R E A D  ---------------

Current thread (0x000001bb7157d020):  JavaThread "main" [_thread_in_native, id=23092, stack(0x0000008665e00000,0x0000008665f00000)]

Stack: [0x0000008665e00000,0x0000008665f00000],  sp=0x0000008665efb7b8,  free space=1005k
Native frames: (J=compiled Java code, j=interpreted, Vv=VM code, C=native code)
C  [atio6axx.dll+0x192b60]

Java frames: (J=compiled Java code, j=interpreted, Vv=VM code)
j  org.lwjgl.system.JNI.invokePPPP(IIJJJJ)J+0 org.lwjgl@3.3.1+7
j  org.lwjgl.glfw.GLFW.nglfwCreateWindow(IIJJJ)J+14 org.lwjgl.glfw@3.3.1+7
j  org.lwjgl.glfw.GLFW.glfwCreateWindow(IILjava/lang/CharSequence;JJ)J+34 org.lwjgl.glfw@3.3.1+7
j  net.minecraftforge.fml.earlydisplay.DisplayWindow.initWindow(Ljava/lang/String;)V+408 fmlearlydisplay@1.20.1-47.1.0
j  net.minecraftforge.fml.earlydisplay.DisplayWindow.start(Ljava/lang/String;Ljava/lang/String;)Ljava/lang/Runnable;+14 fmlearlydisplay@1.20.1-47.1.0
j  net.minecraftforge.fml.earlydisplay.DisplayWindow.initialize([Ljava/lang/String;)Ljava/lang/Runnable;+410 fmlearlydisplay@1.20.1-47.1.0
j  net.minecraftforge.fml.loading.ImmediateWindowHandler.load(Ljava/lang/String;[Ljava/lang/String;)V+180 fmlloader@1.20.1-47.1.0
j  net.minecraftforge.fml.loading.ModDirTransformerDiscoverer.earlyInitialization(Ljava/lang/String;[Ljava/lang/String;)V+2 fmlloader@1.20.1-47.1.0
j  cpw.mods.modlauncher.TransformationServicesHandler.lambda$discoverServices$18(Lcpw/mods/modlauncher/ArgumentHandler$DiscoveryData;Lcpw/mods/modlauncher/serviceapi/ITransformerDiscoveryService;)V+9 cpw.mods.modlauncher@10.0.9
j  cpw.mods.modlauncher.TransformationServicesHandler$$Lambda$419+0x0000000800dd6650.accept(Ljava/lang/Object;)V+8 cpw.mods.modlauncher@10.0.9
j  java.lang.Iterable.forEach(Ljava/util/function/Consumer;)V+30 java.base@17.0.7
j  cpw.mods.modlauncher.TransformationServicesHandler.discoverServices(Lcpw/mods/modlauncher/ArgumentHandler$DiscoveryData;)V+145 cpw.mods.modlauncher@10.0.9
j  cpw.mods.modlauncher.Launcher.run([Ljava/lang/String;)V+14 cpw.mods.modlauncher@10.0.9
j  cpw.mods.modlauncher.Launcher.main([Ljava/lang/String;)V+78 cpw.mods.modlauncher@10.0.9
j  cpw.mods.modlauncher.BootstrapLaunchConsumer.accept([Ljava/lang/String;)V+1 cpw.mods.modlauncher@10.0.9
j  cpw.mods.modlauncher.BootstrapLaunchConsumer.accept(Ljava/lang/Object;)V+5 cpw.mods.modlauncher@10.0.9
j  cpw.mods.bootstraplauncher.BootstrapLauncher.main([Ljava/lang/String;)V+515 cpw.mods.bootstraplauncher@1.1.2
v  ~StubRoutines::call_stub

siginfo: EXCEPTION_ACCESS_VIOLATION (0xc0000005), reading address 0xffffffffffffffff


Register to memory mapping:

RIP=0x00007ff8c8ff2b60 atio6axx.dll
RAX=0x0 is NULL
RBX=0x00007ff8cc8333c0 atio6axx.dll
RCX=0x3a433b72616a2e35 is an unknown value
RDX=0x00000000000000d0 is an unknown value
RSP=0x0000008665efb7b8 is pointing into the stack for thread: 0x000001bb7157d020
RBP=0x0000008665efb920 is pointing into the stack for thread: 0x000001bb7157d020
RSI=0x00007ff8cc742d40 atio6axx.dll
RDI=0x0000008665efbc10 is pointing into the stack for thread: 0x000001bb7157d020
R8 =0x00000000000001a5 is an unknown value
R9 =0x3a433b72616a2e35 is an unknown value
R10=0x0 is NULL
R11=0x0000000000000200 is an unknown value
R12=0x00007ff8cc833418 atio6axx.dll
R13=0x00007ff8cc835c18 atio6axx.dll
R14=0x00007ff8cc8333c0 atio6axx.dll
R15=0x0 is NULL


Registers:
RAX=0x0000000000000000, RBX=0x00007ff8cc8333c0, RCX=0x3a433b72616a2e35, RDX=0x00000000000000d0
RSP=0x0000008665efb7b8, RBP=0x0000008665efb920, RSI=0x00007ff8cc742d40, RDI=0x0000008665efbc10
R8 =0x00000000000001a5, R9 =0x3a433b72616a2e35, R10=0x0000000000000000, R11=0x0000000000000200
R12=0x00007ff8cc833418, R13=0x00007ff8cc835c18, R14=0x00007ff8cc8333c0, R15=0x0000000000000000
RIP=0x00007ff8c8ff2b60, EFLAGS=0x0000000000010206

Top of Stack: (sp=0x0000008665efb7b8)
0x0000008665efb7b8:   00007ff8c8ff2e7c 00007ff8cc836030
0x0000008665efb7c8:   000001bb1a914d78 0000000000000000
0x0000008665efb7d8:   00007ff8c8ff3e8d 0000008665efbc10
0x0000008665efb7e8:   00007ff8c8faf484 00007ff8cc8333c0
0x0000008665efb7f8:   00007ff8cc742d40 0000652e6176616a
0x0000008665efb808:   0000de544453b78f 0000008665efbc10
0x0000008665efb818:   00007ff8c8fb0457 00007ff8cc8333c8
0x0000008665efb828:   00007ff8cc742d40 00007ff8cc742d40
0x0000008665efb838:   0000000000000000 00007ff8cc8333c0
0x0000008665efb848:   00007ff900000000 0000000000000009
0x0000008665efb858:   000001bb1b2e45d0 000001bb1b2e4738
0x0000008665efb868:   00007ff8cc8333c8 0000008665efbc10
0x0000008665efb878:   0000008665efb9c1 00007f006176616a
0x0000008665efb888:   00007f006176616a 46676e697274535c
0x0000008665efb898:   5c6f666e49656c69 3062343039303430
0x0000008665efb8a8:   726556656c69465c 000000006e6f6973 

Instructions: (pc=0x00007ff8c8ff2b60)
0x00007ff8c8ff2a60:   74 09 33 c9 ff 15 e6 89 66 03 90 48 8b c3 48 83
0x00007ff8c8ff2a70:   c4 20 5b c3 cc cc cc cc cc cc cc cc cc cc cc cc
0x00007ff8c8ff2a80:   48 83 ec 28 48 8b 51 08 48 85 d2 74 09 33 c9 ff
0x00007ff8c8ff2a90:   15 bb 89 66 03 90 48 83 c4 28 c3 cc cc cc cc cc
0x00007ff8c8ff2aa0:   48 89 11 c3 cc cc cc cc cc cc cc cc cc cc cc cc
0x00007ff8c8ff2ab0:   48 8b c1 c3 cc cc cc cc cc cc cc cc cc cc cc cc
0x00007ff8c8ff2ac0:   48 3b ca 74 10 41 8b 00 39 01 74 09 48 83 c1 04
0x00007ff8c8ff2ad0:   48 3b ca 75 f3 48 8b c1 c3 cc cc cc cc cc cc cc
0x00007ff8c8ff2ae0:   48 8b c1 c3 cc cc cc cc cc cc cc cc cc cc cc cc
0x00007ff8c8ff2af0:   48 83 39 00 0f 94 c0 c3 cc cc cc cc cc cc cc cc
0x00007ff8c8ff2b00:   4c 8d 04 d5 00 00 00 00 33 d2 e9 c1 d0 dd 01 cc
0x00007ff8c8ff2b10:   4c 8b 41 08 48 8b 02 49 89 00 48 83 41 08 08 c3
0x00007ff8c8ff2b20:   48 8b c1 c3 cc cc cc cc cc cc cc cc cc cc cc cc
0x00007ff8c8ff2b30:   48 8b c1 c3 cc cc cc cc cc cc cc cc cc cc cc cc
0x00007ff8c8ff2b40:   49 8b 00 48 89 02 c3 cc cc cc cc cc cc cc cc cc
0x00007ff8c8ff2b50:   8b 81 40 39 00 00 c3 cc cc cc cc cc cc cc cc cc
0x00007ff8c8ff2b60:   8b 81 40 39 00 00 83 c0 f0 83 f8 67 0f 87 5a 01
0x00007ff8c8ff2b70:   00 00 48 8d 15 87 d4 e6 ff 0f b6 84 02 f0 2c 19
0x00007ff8c8ff2b80:   00 8b 8c 82 d0 2c 19 00 48 03 ca ff e1 48 8b 0d
0x00007ff8c8ff2b90:   7c 6f 7e 03 83 b9 b4 34 00 00 02 0f 87 2b 01 00
0x00007ff8c8ff2ba0:   00 48 8d 91 0c 29 00 00 c7 02 e1 00 00 00 e9 ce
0x00007ff8c8ff2bb0:   00 00 00 48 8b 0d 56 6f 7e 03 83 b9 b4 34 00 00
0x00007ff8c8ff2bc0:   02 0f 87 05 01 00 00 48 8d 91 0c 29 00 00 c7 02
0x00007ff8c8ff2bd0:   f0 00 00 00 e9 a8 00 00 00 48 8b 0d 30 6f 7e 03
0x00007ff8c8ff2be0:   83 b9 b4 34 00 00 02 0f 87 df 00 00 00 48 8d 91
0x00007ff8c8ff2bf0:   0c 29 00 00 c7 02 00 04 00 00 e9 82 00 00 00 48
0x00007ff8c8ff2c00:   8b 0d 0a 6f 7e 03 83 b9 b4 34 00 00 02 0f 87 b9
0x00007ff8c8ff2c10:   00 00 00 48 8d 91 0c 29 00 00 c7 02 00 08 00 00
0x00007ff8c8ff2c20:   eb 5f 48 8b 0d e7 6e 7e 03 83 b9 b4 34 00 00 02
0x00007ff8c8ff2c30:   0f 87 96 00 00 00 48 8d 91 0c 29 00 00 c7 02 00
0x00007ff8c8ff2c40:   09 00 00 eb 3c 48 8b 0d c4 6e 7e 03 83 b9 b4 34
0x00007ff8c8ff2c50:   00 00 02 77 77 48 8d 91 0c 29 00 00 c7 02 3c 0f 


Stack slot to memory mapping:
stack at sp + 0 slots: 0x00007ff8c8ff2e7c atio6axx.dll
stack at sp + 1 slots: 0x00007ff8cc836030 atio6axx.dll
stack at sp + 2 slots: 0x000001bb1a914d78 points into unknown readable memory: 0x00007ff8cc03f5f0 | f0 f5 03 cc f8 7f 00 00
stack at sp + 3 slots: 0x0 is NULL
stack at sp + 4 slots: 0x00007ff8c8ff3e8d atio6axx.dll
stack at sp + 5 slots: 0x0000008665efbc10 is pointing into the stack for thread: 0x000001bb7157d020
stack at sp + 6 slots: 0x00007ff8c8faf484 atio6axx.dll
stack at sp + 7 slots: 0x00007ff8cc8333c0 atio6axx.dll


---------------  P R O C E S S  ---------------

Threads class SMR info:
_java_thread_list=0x000001bb16f9e0a0, length=23, elements={
0x000001bb7157d020, 0x000001bb7fa35690, 0x000001bb7fa37050, 0x000001bb7fa51fe0,
0x000001bb7fa52990, 0x000001bb7fa53340, 0x000001bb7fa55d00, 0x000001bb7fa572a0,
0x000001bb7fa5a500, 0x000001bb7fa5bc30, 0x000001bb7fafb560, 0x000001bb7fb92560,
0x000001bb7fb9eb70, 0x000001bb7fb9f490, 0x000001bb7fc9a4a0, 0x000001bb1589ea30,
0x000001bb15a86620, 0x000001bb15dd33d0, 0x000001bb15ea06a0, 0x000001bb1613e6c0,
0x000001bb1613ebd0, 0x000001bb16139ee0, 0x000001bb196d6900
}

Java Threads: ( => current thread )
=>0x000001bb7157d020 JavaThread "main" [_thread_in_native, id=23092, stack(0x0000008665e00000,0x0000008665f00000)]
  0x000001bb7fa35690 JavaThread "Reference Handler" daemon [_thread_blocked, id=23072, stack(0x0000008666500000,0x0000008666600000)]
  0x000001bb7fa37050 JavaThread "Finalizer" daemon [_thread_blocked, id=3064, stack(0x0000008666600000,0x0000008666700000)]
  0x000001bb7fa51fe0 JavaThread "Signal Dispatcher" daemon [_thread_blocked, id=22604, stack(0x0000008666700000,0x0000008666800000)]
  0x000001bb7fa52990 JavaThread "Attach Listener" daemon [_thread_blocked, id=5252, stack(0x0000008666800000,0x0000008666900000)]
  0x000001bb7fa53340 JavaThread "Service Thread" daemon [_thread_blocked, id=18412, stack(0x0000008666900000,0x0000008666a00000)]
  0x000001bb7fa55d00 JavaThread "Monitor Deflation Thread" daemon [_thread_blocked, id=14836, stack(0x0000008666a00000,0x0000008666b00000)]
  0x000001bb7fa572a0 JavaThread "C2 CompilerThread0" daemon [_thread_blocked, id=8476, stack(0x0000008666b00000,0x0000008666c00000)]
  0x000001bb7fa5a500 JavaThread "C1 CompilerThread0" daemon [_thread_blocked, id=22344, stack(0x0000008666c00000,0x0000008666d00000)]
  0x000001bb7fa5bc30 JavaThread "Sweeper thread" daemon [_thread_blocked, id=21768, stack(0x0000008666d00000,0x0000008666e00000)]
  0x000001bb7fafb560 JavaThread "C1 CompilerThread1" daemon [_thread_blocked, id=21828, stack(0x0000008666e00000,0x0000008666f00000)]
  0x000001bb7fb92560 JavaThread "Common-Cleaner" daemon [_thread_blocked, id=17332, stack(0x0000008666f00000,0x0000008667000000)]
  0x000001bb7fb9eb70 JavaThread "C2 CompilerThread1" daemon [_thread_blocked, id=23264, stack(0x0000008667000000,0x0000008667100000)]
  0x000001bb7fb9f490 JavaThread "C2 CompilerThread2" daemon [_thread_blocked, id=23244, stack(0x0000008667100000,0x0000008667200000)]
  0x000001bb7fc9a4a0 JavaThread "Notification Thread" daemon [_thread_blocked, id=22560, stack(0x0000008667200000,0x0000008667300000)]
  0x000001bb1589ea30 JavaThread "C1 CompilerThread2" daemon [_thread_blocked, id=23224, stack(0x0000008667400000,0x0000008667500000)]
  0x000001bb15a86620 JavaThread "C1 CompilerThread3" daemon [_thread_blocked, id=10988, stack(0x0000008667500000,0x0000008667600000)]
  0x000001bb15dd33d0 JavaThread "C2 CompilerThread3" daemon [_thread_blocked, id=22868, stack(0x0000008667a00000,0x0000008667b00000)]
  0x000001bb15ea06a0 JavaThread "C2 CompilerThread4" daemon [_thread_blocked, id=2628, stack(0x0000008667b00000,0x0000008667c00000)]
  0x000001bb1613e6c0 JavaThread "C2 CompilerThread5" daemon [_thread_blocked, id=20292, stack(0x0000008667c00000,0x0000008667d00000)]
  0x000001bb1613ebd0 JavaThread "C2 CompilerThread6" daemon [_thread_blocked, id=22168, stack(0x0000008667d00000,0x0000008667e00000)]
  0x000001bb16139ee0 JavaThread "C2 CompilerThread7" daemon [_thread_blocked, id=21560, stack(0x0000008667e00000,0x0000008667f00000)]
  0x000001bb196d6900 JavaThread "pool-2-thread-1" daemon [_thread_blocked, id=19584, stack(0x0000008668500000,0x0000008668600000)]

Other Threads:
  0x000001bb7f6eebf0 VMThread "VM Thread" [stack: 0x0000008666400000,0x0000008666500000] [id=19560]
  0x000001bb7fd5aa40 WatcherThread [stack: 0x0000008667300000,0x0000008667400000] [id=21120]
  0x000001bb715e7c40 GCTaskThread "GC Thread#0" [stack: 0x0000008665f00000,0x0000008666000000] [id=6328]
  0x000001bb15f13cf0 GCTaskThread "GC Thread#1" [stack: 0x0000008667600000,0x0000008667700000] [id=20380]
  0x000001bb15bc6e70 GCTaskThread "GC Thread#2" [stack: 0x0000008667700000,0x0000008667800000] [id=21896]
  0x000001bb15a804c0 GCTaskThread "GC Thread#3" [stack: 0x0000008667800000,0x0000008667900000] [id=2480]
  0x000001bb15a80770 GCTaskThread "GC Thread#4" [stack: 0x0000008667900000,0x0000008667a00000] [id=22468]
  0x000001bb19422920 GCTaskThread "GC Thread#5" [stack: 0x0000008667f00000,0x0000008668000000] [id=9924]
  0x000001bb17b82a20 GCTaskThread "GC Thread#6" [stack: 0x0000008668000000,0x0000008668100000] [id=23276]
  0x000001bb175df420 GCTaskThread "GC Thread#7" [stack: 0x0000008668100000,0x0000008668200000] [id=22640]
  0x000001bb715f90f0 ConcurrentGCThread "G1 Main Marker" [stack: 0x0000008666000000,0x0000008666100000] [id=23168]
  0x000001bb715fa2a0 ConcurrentGCThread "G1 Conc#0" [stack: 0x0000008666100000,0x0000008666200000] [id=1452]
  0x000001bb7162ebe0 ConcurrentGCThread "G1 Refine#0" [stack: 0x0000008666200000,0x0000008666300000] [id=22960]
  0x000001bb7f591310 ConcurrentGCThread "G1 Service" [stack: 0x0000008666300000,0x0000008666400000] [id=13964]

Threads with active compile tasks:

VM state: not at safepoint (normal execution)

VM Mutex/Monitor currently owned by a thread: None

Heap address: 0x000000070c000000, size: 3904 MB, Compressed Oops mode: Zero based, Oop shift amount: 3

CDS archive(s) mapped at: [0x0000000800000000-0x0000000800bd0000-0x0000000800bd0000), size 12386304, SharedBaseAddress: 0x0000000800000000, ArchiveRelocationMode: 0.
Compressed class space mapped at: 0x0000000800c00000-0x0000000840c00000, reserved size: 1073741824
Narrow klass base: 0x0000000800000000, Narrow klass shift: 0, Narrow klass range: 0x100000000

GC Precious Log:
 CPUs: 16 total, 16 available
 Memory: 15612M
 Large Page Support: Disabled
 NUMA Support: Disabled
 Compressed Oops: Enabled (Zero based)
 Heap Region Size: 2M
 Heap Min Capacity: 8M
 Heap Initial Capacity: 244M
 Heap Max Capacity: 3904M
 Pre-touch: Disabled
 Parallel Workers: 13
 Concurrent Workers: 3
 Concurrent Refinement Workers: 13
 Periodic GC: Disabled

Heap:
 garbage-first heap   total 249856K, used 86456K [0x000000070c000000, 0x0000000800000000)
  region size 2048K, 33 young (67584K), 7 survivors (14336K)
 Metaspace       used 16670K, committed 17024K, reserved 1064960K
  class space    used 1891K, committed 2048K, reserved 1048576K

Heap Regions: E=young(eden), S=young(survivor), O=old, HS=humongous(starts), HC=humongous(continues), CS=collection set, F=free, OA=open archive, CA=closed archive, TAMS=top-at-mark-start (previous, next)
|   0|0x000000070c000000, 0x000000070c200000, 0x000000070c200000|100%|HS|  |TAMS 0x000000070c000000, 0x000000070c000000| Complete 
|   1|0x000000070c200000, 0x000000070c400000, 0x000000070c400000|100%| O|  |TAMS 0x000000070c200000, 0x000000070c200000| Untracked 
|   2|0x000000070c400000, 0x000000070c600000, 0x000000070c600000|100%| O|  |TAMS 0x000000070c400000, 0x000000070c400000| Untracked 
|   3|0x000000070c600000, 0x000000070c800000, 0x000000070c800000|100%|HS|  |TAMS 0x000000070c600000, 0x000000070c600000| Complete 
|   4|0x000000070c800000, 0x000000070ca00000, 0x000000070ca00000|100%| O|  |TAMS 0x000000070c800000, 0x000000070c800000| Untracked 
|   5|0x000000070ca00000, 0x000000070cc00000, 0x000000070cc00000|100%| O|  |TAMS 0x000000070ca00000, 0x000000070ca00000| Untracked 
|   6|0x000000070cc00000, 0x000000070ce00000, 0x000000070ce00000|100%|HS|  |TAMS 0x000000070cc00000, 0x000000070cc00000| Complete 
|   7|0x000000070ce00000, 0x000000070d000000, 0x000000070d000000|100%|HS|  |TAMS 0x000000070ce00000, 0x000000070ce00000| Complete 
|   8|0x000000070d000000, 0x000000070d200000, 0x000000070d200000|100%| O|  |TAMS 0x000000070d000000, 0x000000070d000000| Untracked 
|   9|0x000000070d200000, 0x000000070d400000, 0x000000070d400000|100%| O|  |TAMS 0x000000070d200000, 0x000000070d200000| Untracked 
|  10|0x000000070d400000, 0x000000070d600000, 0x000000070d600000|100%| O|  |TAMS 0x000000070d400000, 0x000000070d400000| Untracked 
|  11|0x000000070d600000, 0x000000070d66e200, 0x000000070d800000| 21%| O|  |TAMS 0x000000070d600000, 0x000000070d600000| Untracked 
|  12|0x000000070d800000, 0x000000070d800000, 0x000000070da00000|  0%| F|  |TAMS 0x000000070d800000, 0x000000070d800000| Untracked 
|  13|0x000000070da00000, 0x000000070da00000, 0x000000070dc00000|  0%| F|  |TAMS 0x000000070da00000, 0x000000070da00000| Untracked 
|  14|0x000000070dc00000, 0x000000070dc00000, 0x000000070de00000|  0%| F|  |TAMS 0x000000070dc00000, 0x000000070dc00000| Untracked 
|  15|0x000000070de00000, 0x000000070de00000, 0x000000070e000000|  0%| F|  |TAMS 0x000000070de00000, 0x000000070de00000| Untracked 
|  16|0x000000070e000000, 0x000000070e000000, 0x000000070e200000|  0%| F|  |TAMS 0x000000070e000000, 0x000000070e000000| Untracked 
|  17|0x000000070e200000, 0x000000070e200000, 0x000000070e400000|  0%| F|  |TAMS 0x000000070e200000, 0x000000070e200000| Untracked 
|  18|0x000000070e400000, 0x000000070e400000, 0x000000070e600000|  0%| F|  |TAMS 0x000000070e400000, 0x000000070e400000| Untracked 
|  19|0x000000070e600000, 0x000000070e600000, 0x000000070e800000|  0%| F|  |TAMS 0x000000070e600000, 0x000000070e600000| Untracked 
|  20|0x000000070e800000, 0x000000070e800000, 0x000000070ea00000|  0%| F|  |TAMS 0x000000070e800000, 0x000000070e800000| Untracked 
|  21|0x000000070ea00000, 0x000000070ea00000, 0x000000070ec00000|  0%| F|  |TAMS 0x000000070ea00000, 0x000000070ea00000| Untracked 
|  22|0x000000070ec00000, 0x000000070ec00000, 0x000000070ee00000|  0%| F|  |TAMS 0x000000070ec00000, 0x000000070ec00000| Untracked 
|  23|0x000000070ee00000, 0x000000070ee00000, 0x000000070f000000|  0%| F|  |TAMS 0x000000070ee00000, 0x000000070ee00000| Untracked 
|  24|0x000000070f000000, 0x000000070f000000, 0x000000070f200000|  0%| F|  |TAMS 0x000000070f000000, 0x000000070f000000| Untracked 
|  25|0x000000070f200000, 0x000000070f200000, 0x000000070f400000|  0%| F|  |TAMS 0x000000070f200000, 0x000000070f200000| Untracked 
|  26|0x000000070f400000, 0x000000070f400000, 0x000000070f600000|  0%| F|  |TAMS 0x000000070f400000, 0x000000070f400000| Untracked 
|  27|0x000000070f600000, 0x000000070f600000, 0x000000070f800000|  0%| F|  |TAMS 0x000000070f600000, 0x000000070f600000| Untracked 
|  28|0x000000070f800000, 0x000000070f800000, 0x000000070fa00000|  0%| F|  |TAMS 0x000000070f800000, 0x000000070f800000| Untracked 
|  29|0x000000070fa00000, 0x000000070fa00000, 0x000000070fc00000|  0%| F|  |TAMS 0x000000070fa00000, 0x000000070fa00000| Untracked 
|  30|0x000000070fc00000, 0x000000070fc00000, 0x000000070fe00000|  0%| F|  |TAMS 0x000000070fc00000, 0x000000070fc00000| Untracked 
|  31|0x000000070fe00000, 0x000000070fe00000, 0x0000000710000000|  0%| F|  |TAMS 0x000000070fe00000, 0x000000070fe00000| Untracked 
|  32|0x0000000710000000, 0x0000000710000000, 0x0000000710200000|  0%| F|  |TAMS 0x0000000710000000, 0x0000000710000000| Untracked 
|  33|0x0000000710200000, 0x0000000710200000, 0x0000000710400000|  0%| F|  |TAMS 0x0000000710200000, 0x0000000710200000| Untracked 
|  34|0x0000000710400000, 0x0000000710400000, 0x0000000710600000|  0%| F|  |TAMS 0x0000000710400000, 0x0000000710400000| Untracked 
|  35|0x0000000710600000, 0x0000000710600000, 0x0000000710800000|  0%| F|  |TAMS 0x0000000710600000, 0x0000000710600000| Untracked 
|  36|0x0000000710800000, 0x0000000710800000, 0x0000000710a00000|  0%| F|  |TAMS 0x0000000710800000, 0x0000000710800000| Untracked 
|  37|0x0000000710a00000, 0x0000000710a00000, 0x0000000710c00000|  0%| F|  |TAMS 0x0000000710a00000, 0x0000000710a00000| Untracked 
|  38|0x0000000710c00000, 0x0000000710c00000, 0x0000000710e00000|  0%| F|  |TAMS 0x0000000710c00000, 0x0000000710c00000| Untracked 
|  39|0x0000000710e00000, 0x0000000710e00000, 0x0000000711000000|  0%| F|  |TAMS 0x0000000710e00000, 0x0000000710e00000| Untracked 
|  40|0x0000000711000000, 0x0000000711000000, 0x0000000711200000|  0%| F|  |TAMS 0x0000000711000000, 0x0000000711000000| Untracked 
|  41|0x0000000711200000, 0x0000000711200000, 0x0000000711400000|  0%| F|  |TAMS 0x0000000711200000, 0x0000000711200000| Untracked 
|  42|0x0000000711400000, 0x0000000711400000, 0x0000000711600000|  0%| F|  |TAMS 0x0000000711400000, 0x0000000711400000| Untracked 
|  43|0x0000000711600000, 0x0000000711600000, 0x0000000711800000|  0%| F|  |TAMS 0x0000000711600000, 0x0000000711600000| Untracked 
|  44|0x0000000711800000, 0x0000000711800000, 0x0000000711a00000|  0%| F|  |TAMS 0x0000000711800000, 0x0000000711800000| Untracked 
|  45|0x0000000711a00000, 0x0000000711a00000, 0x0000000711c00000|  0%| F|  |TAMS 0x0000000711a00000, 0x0000000711a00000| Untracked 
|  46|0x0000000711c00000, 0x0000000711c00000, 0x0000000711e00000|  0%| F|  |TAMS 0x0000000711c00000, 0x0000000711c00000| Untracked 
|  47|0x0000000711e00000, 0x0000000711e00000, 0x0000000712000000|  0%| F|  |TAMS 0x0000000711e00000, 0x0000000711e00000| Untracked 
|  48|0x0000000712000000, 0x0000000712000000, 0x0000000712200000|  0%| F|  |TAMS 0x0000000712000000, 0x0000000712000000| Untracked 
|  49|0x0000000712200000, 0x0000000712200000, 0x0000000712400000|  0%| F|  |TAMS 0x0000000712200000, 0x0000000712200000| Untracked 
|  50|0x0000000712400000, 0x0000000712400000, 0x0000000712600000|  0%| F|  |TAMS 0x0000000712400000, 0x0000000712400000| Untracked 
|  51|0x0000000712600000, 0x0000000712800000, 0x0000000712800000|100%| S|CS|TAMS 0x0000000712600000, 0x0000000712600000| Complete 
|  52|0x0000000712800000, 0x0000000712a00000, 0x0000000712a00000|100%| S|CS|TAMS 0x0000000712800000, 0x0000000712800000| Complete 
|  53|0x0000000712a00000, 0x0000000712c00000, 0x0000000712c00000|100%| S|CS|TAMS 0x0000000712a00000, 0x0000000712a00000| Complete 
|  54|0x0000000712c00000, 0x0000000712e00000, 0x0000000712e00000|100%| S|CS|TAMS 0x0000000712c00000, 0x0000000712c00000| Complete 
|  55|0x0000000712e00000, 0x0000000713000000, 0x0000000713000000|100%| S|CS|TAMS 0x0000000712e00000, 0x0000000712e00000| Complete 
|  56|0x0000000713000000, 0x0000000713200000, 0x0000000713200000|100%| S|CS|TAMS 0x0000000713000000, 0x0000000713000000| Complete 
|  57|0x0000000713200000, 0x0000000713400000, 0x0000000713400000|100%| S|CS|TAMS 0x0000000713200000, 0x0000000713200000| Complete 
|  58|0x0000000713400000, 0x0000000713400000, 0x0000000713600000|  0%| F|  |TAMS 0x0000000713400000, 0x0000000713400000| Untracked 
|  59|0x0000000713600000, 0x0000000713600000, 0x0000000713800000|  0%| F|  |TAMS 0x0000000713600000, 0x0000000713600000| Untracked 
|  60|0x0000000713800000, 0x0000000713800000, 0x0000000713a00000|  0%| F|  |TAMS 0x0000000713800000, 0x0000000713800000| Untracked 
|  61|0x0000000713a00000, 0x0000000713a00000, 0x0000000713c00000|  0%| F|  |TAMS 0x0000000713a00000, 0x0000000713a00000| Untracked 
|  62|0x0000000713c00000, 0x0000000713c00000, 0x0000000713e00000|  0%| F|  |TAMS 0x0000000713c00000, 0x0000000713c00000| Untracked 
|  63|0x0000000713e00000, 0x0000000713e00000, 0x0000000714000000|  0%| F|  |TAMS 0x0000000713e00000, 0x0000000713e00000| Untracked 
|  64|0x0000000714000000, 0x0000000714000000, 0x0000000714200000|  0%| F|  |TAMS 0x0000000714000000, 0x0000000714000000| Untracked 
|  65|0x0000000714200000, 0x0000000714200000, 0x0000000714400000|  0%| F|  |TAMS 0x0000000714200000, 0x0000000714200000| Untracked 
|  66|0x0000000714400000, 0x0000000714400000, 0x0000000714600000|  0%| F|  |TAMS 0x0000000714400000, 0x0000000714400000| Untracked 
|  67|0x0000000714600000, 0x0000000714600000, 0x0000000714800000|  0%| F|  |TAMS 0x0000000714600000, 0x0000000714600000| Untracked 
|  68|0x0000000714800000, 0x0000000714800000, 0x0000000714a00000|  0%| F|  |TAMS 0x0000000714800000, 0x0000000714800000| Untracked 
|  69|0x0000000714a00000, 0x0000000714a00000, 0x0000000714c00000|  0%| F|  |TAMS 0x0000000714a00000, 0x0000000714a00000| Untracked 
|  70|0x0000000714c00000, 0x0000000714c00000, 0x0000000714e00000|  0%| F|  |TAMS 0x0000000714c00000, 0x0000000714c00000| Untracked 
|  71|0x0000000714e00000, 0x0000000714e00000, 0x0000000715000000|  0%| F|  |TAMS 0x0000000714e00000, 0x0000000714e00000| Untracked 
|  72|0x0000000715000000, 0x0000000715000000, 0x0000000715200000|  0%| F|  |TAMS 0x0000000715000000, 0x0000000715000000| Untracked 
|  73|0x0000000715200000, 0x0000000715200000, 0x0000000715400000|  0%| F|  |TAMS 0x0000000715200000, 0x0000000715200000| Untracked 
|  74|0x0000000715400000, 0x0000000715400000, 0x0000000715600000|  0%| F|  |TAMS 0x0000000715400000, 0x0000000715400000| Untracked 
|  75|0x0000000715600000, 0x0000000715600000, 0x0000000715800000|  0%| F|  |TAMS 0x0000000715600000, 0x0000000715600000| Untracked 
|  76|0x0000000715800000, 0x0000000715800000, 0x0000000715a00000|  0%| F|  |TAMS 0x0000000715800000, 0x0000000715800000| Untracked 
|  77|0x0000000715a00000, 0x0000000715a00000, 0x0000000715c00000|  0%| F|  |TAMS 0x0000000715a00000, 0x0000000715a00000| Untracked 
|  78|0x0000000715c00000, 0x0000000715c00000, 0x0000000715e00000|  0%| F|  |TAMS 0x0000000715c00000, 0x0000000715c00000| Untracked 
|  79|0x0000000715e00000, 0x0000000715e00000, 0x0000000716000000|  0%| F|  |TAMS 0x0000000715e00000, 0x0000000715e00000| Untracked 
|  80|0x0000000716000000, 0x0000000716000000, 0x0000000716200000|  0%| F|  |TAMS 0x0000000716000000, 0x0000000716000000| Untracked 
|  81|0x0000000716200000, 0x0000000716200000, 0x0000000716400000|  0%| F|  |TAMS 0x0000000716200000, 0x0000000716200000| Untracked 
|  82|0x0000000716400000, 0x0000000716400000, 0x0000000716600000|  0%| F|  |TAMS 0x0000000716400000, 0x0000000716400000| Untracked 
|  83|0x0000000716600000, 0x0000000716600000, 0x0000000716800000|  0%| F|  |TAMS 0x0000000716600000, 0x0000000716600000| Untracked 
|  84|0x0000000716800000, 0x0000000716800000, 0x0000000716a00000|  0%| F|  |TAMS 0x0000000716800000, 0x0000000716800000| Untracked 
|  85|0x0000000716a00000, 0x0000000716a00000, 0x0000000716c00000|  0%| F|  |TAMS 0x0000000716a00000, 0x0000000716a00000| Untracked 
|  86|0x0000000716c00000, 0x0000000716c00000, 0x0000000716e00000|  0%| F|  |TAMS 0x0000000716c00000, 0x0000000716c00000| Untracked 
|  87|0x0000000716e00000, 0x0000000716e00000, 0x0000000717000000|  0%| F|  |TAMS 0x0000000716e00000, 0x0000000716e00000| Untracked 
|  88|0x0000000717000000, 0x0000000717000000, 0x0000000717200000|  0%| F|  |TAMS 0x0000000717000000, 0x0000000717000000| Untracked 
|  89|0x0000000717200000, 0x0000000717200000, 0x0000000717400000|  0%| F|  |TAMS 0x0000000717200000, 0x0000000717200000| Untracked 
|  90|0x0000000717400000, 0x0000000717400000, 0x0000000717600000|  0%| F|  |TAMS 0x0000000717400000, 0x0000000717400000| Untracked 
|  91|0x0000000717600000, 0x0000000717600000, 0x0000000717800000|  0%| F|  |TAMS 0x0000000717600000, 0x0000000717600000| Untracked 
|  92|0x0000000717800000, 0x0000000717800000, 0x0000000717a00000|  0%| F|  |TAMS 0x0000000717800000, 0x0000000717800000| Untracked 
|  93|0x0000000717a00000, 0x0000000717a00000, 0x0000000717c00000|  0%| F|  |TAMS 0x0000000717a00000, 0x0000000717a00000| Untracked 
|  94|0x0000000717c00000, 0x0000000717c00000, 0x0000000717e00000|  0%| F|  |TAMS 0x0000000717c00000, 0x0000000717c00000| Untracked 
|  95|0x0000000717e00000, 0x0000000717e00000, 0x0000000718000000|  0%| F|  |TAMS 0x0000000717e00000, 0x0000000717e00000| Untracked 
|  96|0x0000000718000000, 0x0000000718000800, 0x0000000718200000|  0%| E|  |TAMS 0x0000000718000000, 0x0000000718000000| Complete 
|  97|0x0000000718200000, 0x0000000718400000, 0x0000000718400000|100%| E|CS|TAMS 0x0000000718200000, 0x0000000718200000| Complete 
|  98|0x0000000718400000, 0x0000000718600000, 0x0000000718600000|100%| E|CS|TAMS 0x0000000718400000, 0x0000000718400000| Complete 
|  99|0x0000000718600000, 0x0000000718800000, 0x0000000718800000|100%| E|  |TAMS 0x0000000718600000, 0x0000000718600000| Complete 
| 100|0x0000000718800000, 0x0000000718a00000, 0x0000000718a00000|100%| E|CS|TAMS 0x0000000718800000, 0x0000000718800000| Complete 
| 101|0x0000000718a00000, 0x0000000718c00000, 0x0000000718c00000|100%| E|CS|TAMS 0x0000000718a00000, 0x0000000718a00000| Complete 
| 102|0x0000000718c00000, 0x0000000718e00000, 0x0000000718e00000|100%| E|CS|TAMS 0x0000000718c00000, 0x0000000718c00000| Complete 
| 103|0x0000000718e00000, 0x0000000719000000, 0x0000000719000000|100%| E|CS|TAMS 0x0000000718e00000, 0x0000000718e00000| Complete 
| 104|0x0000000719000000, 0x0000000719200000, 0x0000000719200000|100%| E|CS|TAMS 0x0000000719000000, 0x0000000719000000| Complete 
| 105|0x0000000719200000, 0x0000000719400000, 0x0000000719400000|100%| E|CS|TAMS 0x0000000719200000, 0x0000000719200000| Complete 
| 106|0x0000000719400000, 0x0000000719600000, 0x0000000719600000|100%| E|CS|TAMS 0x0000000719400000, 0x0000000719400000| Complete 
| 107|0x0000000719600000, 0x0000000719800000, 0x0000000719800000|100%| E|CS|TAMS 0x0000000719600000, 0x0000000719600000| Complete 
| 108|0x0000000719800000, 0x0000000719a00000, 0x0000000719a00000|100%| E|CS|TAMS 0x0000000719800000, 0x0000000719800000| Complete 
| 109|0x0000000719a00000, 0x0000000719c00000, 0x0000000719c00000|100%| E|CS|TAMS 0x0000000719a00000, 0x0000000719a00000| Complete 
| 110|0x0000000719c00000, 0x0000000719e00000, 0x0000000719e00000|100%| E|CS|TAMS 0x0000000719c00000, 0x0000000719c00000| Complete 
| 111|0x0000000719e00000, 0x000000071a000000, 0x000000071a000000|100%| E|CS|TAMS 0x0000000719e00000, 0x0000000719e00000| Complete 
| 112|0x000000071a000000, 0x000000071a200000, 0x000000071a200000|100%| E|CS|TAMS 0x000000071a000000, 0x000000071a000000| Complete 
| 113|0x000000071a200000, 0x000000071a400000, 0x000000071a400000|100%| E|CS|TAMS 0x000000071a200000, 0x000000071a200000| Complete 
| 114|0x000000071a400000, 0x000000071a600000, 0x000000071a600000|100%| E|CS|TAMS 0x000000071a400000, 0x000000071a400000| Complete 
| 115|0x000000071a600000, 0x000000071a800000, 0x000000071a800000|100%| E|CS|TAMS 0x000000071a600000, 0x000000071a600000| Complete 
| 116|0x000000071a800000, 0x000000071aa00000, 0x000000071aa00000|100%| E|CS|TAMS 0x000000071a800000, 0x000000071a800000| Complete 
| 117|0x000000071aa00000, 0x000000071ac00000, 0x000000071ac00000|100%| E|CS|TAMS 0x000000071aa00000, 0x000000071aa00000| Complete 
| 118|0x000000071ac00000, 0x000000071ae00000, 0x000000071ae00000|100%| E|CS|TAMS 0x000000071ac00000, 0x000000071ac00000| Complete 
| 119|0x000000071ae00000, 0x000000071b000000, 0x000000071b000000|100%| E|CS|TAMS 0x000000071ae00000, 0x000000071ae00000| Complete 
| 120|0x000000071b000000, 0x000000071b200000, 0x000000071b200000|100%| E|CS|TAMS 0x000000071b000000, 0x000000071b000000| Complete 
| 121|0x000000071b200000, 0x000000071b400000, 0x000000071b400000|100%| E|CS|TAMS 0x000000071b200000, 0x000000071b200000| Complete 

Card table byte_map: [0x000001bb79e10000,0x000001bb7a5b0000] _byte_map_base: 0x000001bb765b0000

Marking Bits (Prev, Next): (CMBitMap*) 0x000001bb715e9260, (CMBitMap*) 0x000001bb715e92a0
 Prev Bits: [0x000001bb7ad50000, 0x000001bb7ea50000)
 Next Bits: [0x000001bb0f000000, 0x000001bb12d00000)

Polling page: 0x000001bb6f530000

Metaspace:

Usage:
  Non-class:     14.43 MB used.
      Class:      1.85 MB used.
       Both:     16.28 MB used.

Virtual space:
  Non-class space:       16.00 MB reserved,      14.62 MB ( 91%) committed,  2 nodes.
      Class space:        1.00 GB reserved,       2.00 MB ( <1%) committed,  1 nodes.
             Both:        1.02 GB reserved,      16.62 MB (  2%) committed. 

Chunk freelists:
   Non-Class:  820.00 KB
       Class:  1.95 MB
        Both:  2.75 MB

MaxMetaspaceSize: unlimited
CompressedClassSpaceSize: 1.00 GB
Initial GC threshold: 21.00 MB
Current GC threshold: 21.00 MB
CDS: on
MetaspaceReclaimPolicy: balanced
 - commit_granule_bytes: 65536.
 - commit_granule_words: 8192.
 - virtual_space_node_default_size: 1048576.
 - enlarge_chunks_in_place: 1.
 - new_chunks_are_fully_committed: 0.
 - uncommit_free_chunks: 1.
 - use_allocation_guard: 0.
 - handle_deallocations: 1.


Internal statistics:

num_allocs_failed_limit: 0.
num_arena_births: 298.
num_arena_deaths: 0.
num_vsnodes_births: 3.
num_vsnodes_deaths: 0.
num_space_committed: 266.
num_space_uncommitted: 0.
num_chunks_returned_to_freelist: 0.
num_chunks_taken_from_freelist: 725.
num_chunk_merges: 0.
num_chunk_splits: 443.
num_chunks_enlarged: 286.
num_purges: 0.
num_inconsistent_stats: 0.

CodeHeap 'non-profiled nmethods': size=119168Kb used=2814Kb max_used=2814Kb free=116353Kb
 bounds [0x000001bb07ba0000, 0x000001bb07e60000, 0x000001bb0f000000]
CodeHeap 'profiled nmethods': size=119104Kb used=7358Kb max_used=7358Kb free=111745Kb
 bounds [0x000001bb00000000, 0x000001bb00730000, 0x000001bb07450000]
CodeHeap 'non-nmethods': size=7488Kb used=3307Kb max_used=3350Kb free=4180Kb
 bounds [0x000001bb07450000, 0x000001bb077a0000, 0x000001bb07ba0000]
 total_blobs=4930 nmethods=3884 adapters=955
 compilation: enabled
              stopped_count=0, restarted_count=0
 full_count=0

Compilation events (20 events):
Event: 2.218 Thread 0x000001bb15a86620 3886       3       org.lwjgl.system.MemoryUtil::encodeASCIIUnsafe (53 bytes)
Event: 2.218 Thread 0x000001bb15a86620 nmethod 3886 0x000001bb00728e10 code [0x000001bb00728fe0, 0x000001bb007293f8]
Event: 2.230 Thread 0x000001bb1613e6c0 nmethod 3857 0x000001bb07e4e990 code [0x000001bb07e4ec20, 0x000001bb07e51470]
Event: 2.233 Thread 0x000001bb7fafb560 3887   !   3       java.lang.invoke.MethodHandles$Lookup$ClassFile::newInstance (370 bytes)
Event: 2.233 Thread 0x000001bb15a86620 3888       3       java.lang.invoke.MethodHandles$Lookup$ClassDefiner::defineClassAsLookup (19 bytes)
Event: 2.233 Thread 0x000001bb15a86620 nmethod 3888 0x000001bb00729590 code [0x000001bb00729740, 0x000001bb00729938]
Event: 2.234 Thread 0x000001bb1589ea30 3889       3       java.util.concurrent.ConcurrentHashMap::sumCount (60 bytes)
Event: 2.234 Thread 0x000001bb1589ea30 nmethod 3889 0x000001bb00729a10 code [0x000001bb00729bc0, 0x000001bb00729e38]
Event: 2.235 Thread 0x000001bb7fafb560 nmethod 3887 0x000001bb00729f90 code [0x000001bb0072a660, 0x000001bb0072d498]
Event: 2.237 Thread 0x000001bb15a86620 3890       3       java.lang.invoke.LambdaForm$Name::internArguments (62 bytes)
Event: 2.237 Thread 0x000001bb1613e6c0 3891       4       jdk.internal.org.objectweb.asm.SymbolTable::addConstantUtf8 (98 bytes)
Event: 2.237 Thread 0x000001bb15a86620 nmethod 3890 0x000001bb0072ea90 code [0x000001bb0072ec80, 0x000001bb0072f388]
Event: 2.237 Thread 0x000001bb7fa5a500 3892       3       java.lang.invoke.LambdaFormBuffer::indexOf (33 bytes)
Event: 2.237 Thread 0x000001bb15a86620 3893       1       java.lang.invoke.InvokerBytecodeGenerator::setClassWriter (6 bytes)
Event: 2.237 Thread 0x000001bb15a86620 nmethod 3893 0x000001bb07e52a10 code [0x000001bb07e52ba0, 0x000001bb07e52cb8]
Event: 2.238 Thread 0x000001bb7fa5a500 nmethod 3892 0x000001bb0072f510 code [0x000001bb0072f6e0, 0x000001bb0072fa98]
Event: 2.238 Thread 0x000001bb7fafb560 3894       1       java.lang.Class::getClassData (5 bytes)
Event: 2.238 Thread 0x000001bb7fafb560 nmethod 3894 0x000001bb07e52d10 code [0x000001bb07e52ea0, 0x000001bb07e52f78]
Event: 2.260 Thread 0x000001bb1613e6c0 nmethod 3891 0x000001bb07e53010 code [0x000001bb07e53200, 0x000001bb07e54a18]
Event: 2.318 Thread 0x000001bb15dd33d0 nmethod 3850 0x000001bb07e55410 code [0x000001bb07e55aa0, 0x000001bb07e5cd58]

GC Heap History (10 events):
Event: 0.319 GC heap before
{Heap before GC invocations=0 (full 0):
 garbage-first heap   total 249856K, used 28672K [0x000000070c000000, 0x0000000800000000)
  region size 2048K, 11 young (22528K), 0 survivors (0K)
 Metaspace       used 2671K, committed 2880K, reserved 1056768K
  class space    used 254K, committed 384K, reserved 1048576K
}
Event: 0.322 GC heap after
{Heap after GC invocations=1 (full 0):
 garbage-first heap   total 249856K, used 11766K [0x000000070c000000, 0x0000000800000000)
  region size 2048K, 2 young (4096K), 2 survivors (4096K)
 Metaspace       used 2671K, committed 2880K, reserved 1056768K
  class space    used 254K, committed 384K, reserved 1048576K
}
Event: 0.564 GC heap before
{Heap before GC invocations=1 (full 0):
 garbage-first heap   total 249856K, used 36342K [0x000000070c000000, 0x0000000800000000)
  region size 2048K, 14 young (28672K), 2 survivors (4096K)
 Metaspace       used 4910K, committed 5120K, reserved 1056768K
  class space    used 475K, committed 576K, reserved 1048576K
}
Event: 0.567 GC heap after
{Heap after GC invocations=2 (full 0):
 garbage-first heap   total 249856K, used 14277K [0x000000070c000000, 0x0000000800000000)
  region size 2048K, 2 young (4096K), 2 survivors (4096K)
 Metaspace       used 4910K, committed 5120K, reserved 1056768K
  class space    used 475K, committed 576K, reserved 1048576K
}
Event: 0.765 GC heap before
{Heap before GC invocations=2 (full 0):
 garbage-first heap   total 249856K, used 85957K [0x000000070c000000, 0x0000000800000000)
  region size 2048K, 36 young (73728K), 2 survivors (4096K)
 Metaspace       used 4957K, committed 5184K, reserved 1056768K
  class space    used 475K, committed 576K, reserved 1048576K
}
Event: 0.769 GC heap after
{Heap after GC invocations=3 (full 0):
 garbage-first heap   total 249856K, used 21312K [0x000000070c000000, 0x0000000800000000)
  region size 2048K, 4 young (8192K), 4 survivors (8192K)
 Metaspace       used 4957K, committed 5184K, reserved 1056768K
  class space    used 475K, committed 576K, reserved 1048576K
}
Event: 1.191 GC heap before
{Heap before GC invocations=3 (full 0):
 garbage-first heap   total 249856K, used 164672K [0x000000070c000000, 0x0000000800000000)
  region size 2048K, 73 young (149504K), 4 survivors (8192K)
 Metaspace       used 5164K, committed 5376K, reserved 1056768K
  class space    used 485K, committed 640K, reserved 1048576K
}
Event: 1.197 GC heap after
{Heap after GC invocations=4 (full 0):
 garbage-first heap   total 249856K, used 32757K [0x000000070c000000, 0x0000000800000000)
  region size 2048K, 9 young (18432K), 9 survivors (18432K)
 Metaspace       used 5164K, committed 5376K, reserved 1056768K
  class space    used 485K, committed 640K, reserved 1048576K
}
Event: 1.693 GC heap before
{Heap before GC invocations=4 (full 0):
 garbage-first heap   total 249856K, used 163829K [0x000000070c000000, 0x0000000800000000)
  region size 2048K, 73 young (149504K), 9 survivors (18432K)
 Metaspace       used 9198K, committed 9472K, reserved 1064960K
  class space    used 1024K, committed 1152K, reserved 1048576K
}
Event: 1.698 GC heap after
{Heap after GC invocations=5 (full 0):
 garbage-first heap   total 249856K, used 37304K [0x000000070c000000, 0x0000000800000000)
  region size 2048K, 7 young (14336K), 7 survivors (14336K)
 Metaspace       used 9198K, committed 9472K, reserved 1064960K
  class space    used 1024K, committed 1152K, reserved 1048576K
}

Deoptimization events (20 events):
Event: 2.137 Thread 0x000001bb7157d020 Uncommon trap: trap_request=0xffffff45 fr.pc=0x000001bb07ca8c28 relative=0x0000000000000608
Event: 2.137 Thread 0x000001bb7157d020 Uncommon trap: reason=unstable_if action=reinterpret pc=0x000001bb07ca8c28 method=java.lang.AbstractStringBuilder.append(Ljava/lang/String;)Ljava/lang/AbstractStringBuilder; @ 1 c2
Event: 2.137 Thread 0x000001bb7157d020 DEOPT PACKING pc=0x000001bb07ca8c28 sp=0x0000008665efdeb0
Event: 2.137 Thread 0x000001bb7157d020 DEOPT UNPACKING pc=0x000001bb074a23a3 sp=0x0000008665efde40 mode 2
Event: 2.138 Thread 0x000001bb7157d020 Uncommon trap: trap_request=0xffffff45 fr.pc=0x000001bb07ca9830 relative=0x0000000000000610
Event: 2.138 Thread 0x000001bb7157d020 Uncommon trap: reason=unstable_if action=reinterpret pc=0x000001bb07ca9830 method=java.lang.AbstractStringBuilder.append(Ljava/lang/String;)Ljava/lang/AbstractStringBuilder; @ 1 c2
Event: 2.138 Thread 0x000001bb7157d020 DEOPT PACKING pc=0x000001bb07ca9830 sp=0x0000008665efde60
Event: 2.138 Thread 0x000001bb7157d020 DEOPT UNPACKING pc=0x000001bb074a23a3 sp=0x0000008665efde48 mode 2
Event: 2.146 Thread 0x000001bb7157d020 Uncommon trap: trap_request=0xffffffde fr.pc=0x000001bb07cf1c28 relative=0x00000000000001c8
Event: 2.146 Thread 0x000001bb7157d020 Uncommon trap: reason=class_check action=maybe_recompile pc=0x000001bb07cf1c28 method=java.nio.file.Files.isRegularFile(Ljava/nio/file/Path;[Ljava/nio/file/LinkOption;)Z @ 36 c2
Event: 2.146 Thread 0x000001bb7157d020 DEOPT PACKING pc=0x000001bb07cf1c28 sp=0x0000008665efe6d0
Event: 2.146 Thread 0x000001bb7157d020 DEOPT UNPACKING pc=0x000001bb074a23a3 sp=0x0000008665efe668 mode 2
Event: 2.150 Thread 0x000001bb7157d020 Uncommon trap: trap_request=0xffffffde fr.pc=0x000001bb07c7066c relative=0x00000000000000cc
Event: 2.150 Thread 0x000001bb7157d020 Uncommon trap: reason=class_check action=maybe_recompile pc=0x000001bb07c7066c method=java.util.stream.AbstractPipeline.exactOutputSizeIfKnown(Ljava/util/Spliterator;)J @ 16 c2
Event: 2.150 Thread 0x000001bb7157d020 DEOPT PACKING pc=0x000001bb07c7066c sp=0x0000008665efee10
Event: 2.150 Thread 0x000001bb7157d020 DEOPT UNPACKING pc=0x000001bb074a23a3 sp=0x0000008665efed90 mode 2
Event: 2.236 Thread 0x000001bb196d6900 Uncommon trap: trap_request=0xffffff45 fr.pc=0x000001bb07c254a4 relative=0x0000000000000104
Event: 2.236 Thread 0x000001bb196d6900 Uncommon trap: reason=unstable_if action=reinterpret pc=0x000001bb07c254a4 method=java.util.concurrent.TimeUnit.convert(JLjava/util/concurrent/TimeUnit;)J @ 8 c2
Event: 2.236 Thread 0x000001bb196d6900 DEOPT PACKING pc=0x000001bb07c254a4 sp=0x00000086685ff1b0
Event: 2.236 Thread 0x000001bb196d6900 DEOPT UNPACKING pc=0x000001bb074a23a3 sp=0x00000086685ff160 mode 2

Classes unloaded (0 events):
No events

Classes redefined (0 events):
No events

Internal exceptions (20 events):
Event: 2.125 Thread 0x000001bb7157d020 Exception <a 'sun/nio/fs/WindowsException'{0x0000000718dca7d8}> (0x0000000718dca7d8) 
thrown [s\open\src\hotspot\share\prims\jni.cpp, line 516]
Event: 2.137 Thread 0x000001bb7157d020 Implicit null exception at 0x000001bb07ca8655 to 0x000001bb07ca8c10
Event: 2.138 Thread 0x000001bb7157d020 Implicit null exception at 0x000001bb07ca9252 to 0x000001bb07ca9818
Event: 2.144 Thread 0x000001bb7157d020 Exception <a 'sun/nio/fs/WindowsException'{0x0000000718af0418}> (0x0000000718af0418) 
thrown [s\open\src\hotspot\share\prims\jni.cpp, line 516]
Event: 2.145 Thread 0x000001bb7157d020 Exception <a 'sun/nio/fs/WindowsException'{0x0000000718af0ec8}> (0x0000000718af0ec8) 
thrown [s\open\src\hotspot\share\prims\jni.cpp, line 516]
Event: 2.151 Thread 0x000001bb7157d020 Exception <a 'java/lang/NoSuchMethodError'{0x0000000718b329e8}: 'java.lang.Object java.lang.invoke.DirectMethodHandle$Holder.invokeVirtual(java.lang.Object, java.lang.Object, java.lang.Object)'> (0x0000000718b329e8) 
thrown [s\open\src\hotspot\share\interpreter\linkResolver.cpp, line 759]
Event: 2.166 Thread 0x000001bb7157d020 Exception <a 'sun/nio/fs/WindowsException'{0x000000071883a6e0}> (0x000000071883a6e0) 
thrown [s\open\src\hotspot\share\prims\jni.cpp, line 516]
Event: 2.169 Thread 0x000001bb7157d020 Exception <a 'java/lang/NoSuchMethodError'{0x0000000718868968}: 'java.lang.Object java.lang.invoke.DirectMethodHandle$Holder.invokeStatic(java.lang.Object, int, java.lang.Object, java.lang.Object, java.lang.Object, java.lang.Object)'> (0x0000000718868968) 
thrown [s\open\src\hotspot\share\interpreter\linkResolver.cpp, line 759]
Event: 2.169 Thread 0x000001bb7157d020 Exception <a 'java/lang/NoSuchMethodError'{0x0000000718871190}: 'java.lang.Object java.lang.invoke.DirectMethodHandle$Holder.newInvokeSpecial(java.lang.Object, int, java.lang.Object, java.lang.Object)'> (0x0000000718871190) 
thrown [s\open\src\hotspot\share\interpreter\linkResolver.cpp, line 759]
Event: 2.169 Thread 0x000001bb7157d020 Exception <a 'java/lang/NoSuchMethodError'{0x0000000718875298}: 'java.lang.Object java.lang.invoke.DirectMethodHandle$Holder.invokeSpecial(java.lang.Object, java.lang.Object, int, java.lang.Object, java.lang.Object)'> (0x0000000718875298) 
thrown [s\open\src\hotspot\share\interpreter\linkResolver.cpp, line 759]
Event: 2.195 Thread 0x000001bb7157d020 Exception <a 'sun/nio/fs/WindowsException'{0x00000007186c0ae0}> (0x00000007186c0ae0) 
thrown [s\open\src\hotspot\share\prims\jni.cpp, line 516]
Event: 2.195 Thread 0x000001bb7157d020 Exception <a 'sun/nio/fs/WindowsException'{0x00000007186c0e30}> (0x00000007186c0e30) 
thrown [s\open\src\hotspot\share\prims\jni.cpp, line 516]
Event: 2.201 Thread 0x000001bb7157d020 Exception <a 'sun/nio/fs/WindowsException'{0x00000007185be150}> (0x00000007185be150) 
thrown [s\open\src\hotspot\share\prims\jni.cpp, line 516]
Event: 2.202 Thread 0x000001bb7157d020 Exception <a 'sun/nio/fs/WindowsException'{0x00000007185be4b0}> (0x00000007185be4b0) 
thrown [s\open\src\hotspot\share\prims\jni.cpp, line 516]
Event: 2.208 Thread 0x000001bb7157d020 Exception <a 'java/lang/NoSuchMethodError'{0x0000000718246c48}: 'int java.lang.invoke.DirectMethodHandle$Holder.invokeStaticInit(java.lang.Object, java.lang.Object, int, long)'> (0x0000000718246c48) 
thrown [s\open\src\hotspot\share\interpreter\linkResolver.cpp, line 759]
Event: 2.209 Thread 0x000001bb7157d020 Exception <a 'java/lang/NoSuchMethodError'{0x000000071824c7d8}: 'java.lang.Object java.lang.invoke.DirectMethodHandle$Holder.newInvokeSpecial(java.lang.Object, java.lang.Object, int)'> (0x000000071824c7d8) 
thrown [s\open\src\hotspot\share\interpreter\linkResolver.cpp, line 759]
Event: 2.210 Thread 0x000001bb7157d020 Exception <a 'java/lang/NoSuchMethodError'{0x00000007182603c0}: 'int java.lang.invoke.DirectMethodHandle$Holder.invokeStaticInit(java.lang.Object, java.lang.Object, long, long)'> (0x00000007182603c0) 
thrown [s\open\src\hotspot\share\interpreter\linkResolver.cpp, line 759]
Event: 2.210 Thread 0x000001bb7157d020 Exception <a 'java/lang/NoSuchMethodError'{0x0000000718266318}: 'java.lang.Object java.lang.invoke.DirectMethodHandle$Holder.newInvokeSpecial(java.lang.Object, java.lang.Object, long)'> (0x0000000718266318) 
thrown [s\open\src\hotspot\share\interpreter\linkResolver.cpp, line 759]
Event: 2.211 Thread 0x000001bb7157d020 Exception <a 'java/lang/NoSuchMethodError'{0x0000000718269e88}: 'java.lang.Object java.lang.invoke.Invokers$Holder.linkToTargetMethod(java.lang.Object, long, java.lang.Object)'> (0x0000000718269e88) 
thrown [s\open\src\hotspot\share\interpreter\linkResolver.cpp, line 759]
Event: 2.211 Thread 0x000001bb7157d020 Exception <a 'java/lang/NoSuchMethodError'{0x0000000718271600}: 'int java.lang.invoke.DirectMethodHandle$Holder.invokeStaticInit(java.lang.Object, java.lang.Object, java.lang.Object, long)'> (0x0000000718271600) 
thrown [s\open\src\hotspot\share\interpreter\linkResolver.cpp, line 759]

VM Operations (20 events):
Event: 1.702 Executing VM operation: HandshakeAllThreads
Event: 1.702 Executing VM operation: HandshakeAllThreads done
Event: 1.891 Executing VM operation: HandshakeAllThreads
Event: 1.891 Executing VM operation: HandshakeAllThreads done
Event: 1.892 Executing VM operation: HandshakeAllThreads
Event: 1.892 Executing VM operation: HandshakeAllThreads done
Event: 1.893 Executing VM operation: HandshakeAllThreads
Event: 1.893 Executing VM operation: HandshakeAllThreads done
Event: 1.951 Executing VM operation: HandshakeAllThreads
Event: 1.951 Executing VM operation: HandshakeAllThreads done
Event: 2.027 Executing VM operation: HandshakeAllThreads
Event: 2.027 Executing VM operation: HandshakeAllThreads done
Event: 2.079 Executing VM operation: HandshakeAllThreads
Event: 2.079 Executing VM operation: HandshakeAllThreads done
Event: 2.093 Executing VM operation: ICBufferFull
Event: 2.093 Executing VM operation: ICBufferFull done
Event: 2.142 Executing VM operation: HandshakeAllThreads
Event: 2.142 Executing VM operation: HandshakeAllThreads done
Event: 2.237 Executing VM operation: HandshakeAllThreads
Event: 2.237 Executing VM operation: HandshakeAllThreads done

Events (20 events):
Event: 2.208 loading class java/util/function/LongPredicate done
Event: 2.212 loading class java/nio/InvalidMarkException
Event: 2.212 loading class java/nio/InvalidMarkException done
Event: 2.212 loading class java/nio/BufferUnderflowException
Event: 2.212 loading class java/nio/BufferUnderflowException done
Event: 2.235 loading class java/util/concurrent/ScheduledThreadPoolExecutor$ScheduledFutureTask
Event: 2.235 loading class java/util/concurrent/FutureTask
Event: 2.235 loading class java/util/concurrent/FutureTask done
Event: 2.235 loading class java/util/concurrent/ScheduledThreadPoolExecutor$ScheduledFutureTask done
Event: 2.235 loading class java/util/concurrent/FutureTask$WaitNode
Event: 2.235 loading class java/util/concurrent/FutureTask$WaitNode done
Event: 2.235 loading class java/util/concurrent/Executors$RunnableAdapter
Event: 2.235 loading class java/util/concurrent/Executors$RunnableAdapter done
Event: 2.236 loading class java/util/concurrent/ThreadPoolExecutor$Worker
Event: 2.236 loading class java/util/concurrent/ThreadPoolExecutor$Worker done
Event: 2.236 Thread 0x000001bb196d6900 Thread added: 0x000001bb196d6900
Event: 2.236 loading class java/util/concurrent/locks/AbstractQueuedSynchronizer$ConditionNode
Event: 2.236 loading class java/util/concurrent/ForkJoinPool$ManagedBlocker
Event: 2.236 loading class java/util/concurrent/ForkJoinPool$ManagedBlocker done
Event: 2.236 loading class java/util/concurrent/locks/AbstractQueuedSynchronizer$ConditionNode done


Dynamic libraries:
0x00007ff69d440000 - 0x00007ff69d450000 	C:\Program Files\Java\jdk-17\bin\java.exe
0x00007ff94c150000 - 0x00007ff94c364000 	C:\WINDOWS\SYSTEM32\ntdll.dll
0x00007ff94b5a0000 - 0x00007ff94b662000 	C:\WINDOWS\System32\KERNEL32.DLL
0x00007ff949670000 - 0x00007ff949a13000 	C:\WINDOWS\System32\KERNELBASE.dll
0x00007ff949b40000 - 0x00007ff949c51000 	C:\WINDOWS\System32\ucrtbase.dll
0x00007ff941970000 - 0x00007ff941989000 	C:\Program Files\Java\jdk-17\bin\jli.dll
0x00007ff907f30000 - 0x00007ff907f4b000 	C:\Program Files\Java\jdk-17\bin\VCRUNTIME140.dll
0x00007ff94a4e0000 - 0x00007ff94a58e000 	C:\WINDOWS\System32\ADVAPI32.dll
0x00007ff949fe0000 - 0x00007ff94a087000 	C:\WINDOWS\System32\msvcrt.dll
0x00007ff949f30000 - 0x00007ff949fd4000 	C:\WINDOWS\System32\sechost.dll
0x00007ff94ae50000 - 0x00007ff94af67000 	C:\WINDOWS\System32\RPCRT4.dll
0x00007ff94bbb0000 - 0x00007ff94bd5b000 	C:\WINDOWS\System32\USER32.dll
0x00007ff949dd0000 - 0x00007ff949df6000 	C:\WINDOWS\System32\win32u.dll
0x00007ff936cd0000 - 0x00007ff936f5e000 	C:\WINDOWS\WinSxS\amd64_microsoft.windows.common-controls_6595b64144ccf1df_6.0.22621.1635_none_270f70857386168e\COMCTL32.dll
0x00007ff94a3d0000 - 0x00007ff94a3f9000 	C:\WINDOWS\System32\GDI32.dll
0x00007ff949550000 - 0x00007ff949669000 	C:\WINDOWS\System32\gdi32full.dll
0x00007ff949aa0000 - 0x00007ff949b3a000 	C:\WINDOWS\System32\msvcp_win.dll
0x00007ff93f2d0000 - 0x00007ff93f2da000 	C:\WINDOWS\SYSTEM32\VERSION.dll
0x00007ff94a590000 - 0x00007ff94a5c1000 	C:\WINDOWS\System32\IMM32.DLL
0x00007ff941960000 - 0x00007ff94196c000 	C:\Program Files\Java\jdk-17\bin\vcruntime140_1.dll
0x00007ff8fc810000 - 0x00007ff8fc89e000 	C:\Program Files\Java\jdk-17\bin\msvcp140.dll
0x00007ff8a5a60000 - 0x00007ff8a663d000 	C:\Program Files\Java\jdk-17\bin\server\jvm.dll
0x00007ff94a3a0000 - 0x00007ff94a3a8000 	C:\WINDOWS\System32\PSAPI.DLL
0x00007ff941bf0000 - 0x00007ff941c24000 	C:\WINDOWS\SYSTEM32\WINMM.dll
0x00007ff942dc0000 - 0x00007ff942dc9000 	C:\WINDOWS\SYSTEM32\WSOCK32.dll
0x00007ff94b520000 - 0x00007ff94b591000 	C:\WINDOWS\System32\WS2_32.dll
0x00007ff948690000 - 0x00007ff9486a8000 	C:\WINDOWS\SYSTEM32\kernel.appcore.dll
0x00007ff924db0000 - 0x00007ff924dba000 	C:\Program Files\Java\jdk-17\bin\jimage.dll
0x00007ff946ef0000 - 0x00007ff94711e000 	C:\WINDOWS\SYSTEM32\DBGHELP.DLL
0x00007ff94b680000 - 0x00007ff94ba09000 	C:\WINDOWS\System32\combase.dll
0x00007ff94a400000 - 0x00007ff94a4d7000 	C:\WINDOWS\System32\OLEAUT32.dll
0x00007ff93f250000 - 0x00007ff93f282000 	C:\WINDOWS\SYSTEM32\dbgcore.DLL
0x00007ff949a20000 - 0x00007ff949a9b000 	C:\WINDOWS\System32\bcryptPrimitives.dll
0x00007ff8fc8e0000 - 0x00007ff8fc905000 	C:\Program Files\Java\jdk-17\bin\java.dll
0x00007ff8a7470000 - 0x00007ff8a7547000 	C:\Program Files\Java\jdk-17\bin\jsvml.dll
0x00007ff94a650000 - 0x00007ff94ae4a000 	C:\WINDOWS\System32\SHELL32.dll
0x00007ff947560000 - 0x00007ff947e2e000 	C:\WINDOWS\SYSTEM32\windows.storage.dll
0x00007ff947420000 - 0x00007ff94755e000 	C:\WINDOWS\SYSTEM32\wintypes.dll
0x00007ff94bde0000 - 0x00007ff94bed1000 	C:\WINDOWS\System32\SHCORE.dll
0x00007ff94bb50000 - 0x00007ff94bbae000 	C:\WINDOWS\System32\shlwapi.dll
0x00007ff949480000 - 0x00007ff9494a1000 	C:\WINDOWS\SYSTEM32\profapi.dll
0x00007ff8fc7f0000 - 0x00007ff8fc809000 	C:\Program Files\Java\jdk-17\bin\net.dll
0x00007ff943810000 - 0x00007ff943947000 	C:\WINDOWS\SYSTEM32\WINHTTP.dll
0x00007ff948b00000 - 0x00007ff948b69000 	C:\WINDOWS\system32\mswsock.dll
0x00007ff8fc7d0000 - 0x00007ff8fc7e6000 	C:\Program Files\Java\jdk-17\bin\nio.dll
0x00007ff907f10000 - 0x00007ff907f28000 	C:\Program Files\Java\jdk-17\bin\zip.dll
0x00007ff91feb0000 - 0x00007ff91fec0000 	C:\Program Files\Java\jdk-17\bin\verify.dll
0x00007ff917cd0000 - 0x00007ff917cda000 	C:\Program Files\Java\jdk-17\bin\management.dll
0x00007ff9169e0000 - 0x00007ff9169eb000 	C:\Program Files\Java\jdk-17\bin\management_ext.dll
0x00007ff933a80000 - 0x00007ff933a97000 	C:\WINDOWS\system32\napinsp.dll
0x00007ff932300000 - 0x00007ff93231b000 	C:\WINDOWS\system32\pnrpnsp.dll
0x00007ff9480b0000 - 0x00007ff9481a3000 	C:\WINDOWS\SYSTEM32\DNSAPI.dll
0x00007ff948080000 - 0x00007ff9480ad000 	C:\WINDOWS\SYSTEM32\IPHLPAPI.DLL
0x00007ff94b670000 - 0x00007ff94b679000 	C:\WINDOWS\System32\NSI.dll
0x00007ff930a10000 - 0x00007ff930a21000 	C:\WINDOWS\System32\winrnr.dll
0x00007ff941cf0000 - 0x00007ff941d05000 	C:\WINDOWS\system32\wshbth.dll
0x00007ff9064d0000 - 0x00007ff9064f1000 	C:\WINDOWS\system32\nlansp_c.dll
0x00007ff941bc0000 - 0x00007ff941bca000 	C:\Windows\System32\rasadhlp.dll
0x00007ff9401f0000 - 0x00007ff940274000 	C:\WINDOWS\System32\fwpuclnt.dll
0x00007ff8fc750000 - 0x00007ff8fc7c5000 	C:\Users\savas\AppData\Local\Temp\lwjglsavas\3.3.1-build-7\lwjgl.dll
0x00007ff8d57d0000 - 0x00007ff8d5831000 	C:\Users\savas\AppData\Local\Temp\lwjglsavas\3.3.1-build-7\glfw.dll
0x00007ff8d59d0000 - 0x00007ff8d5a16000 	C:\WINDOWS\SYSTEM32\dinput8.dll
0x00007ff92df10000 - 0x00007ff92df21000 	C:\WINDOWS\SYSTEM32\xinput1_4.dll
0x00007ff9491f0000 - 0x00007ff94923e000 	C:\WINDOWS\SYSTEM32\cfgmgr32.dll
0x00007ff949240000 - 0x00007ff94926c000 	C:\WINDOWS\SYSTEM32\DEVOBJ.dll
0x00007ff9467b0000 - 0x00007ff9467db000 	C:\WINDOWS\SYSTEM32\dwmapi.dll
0x00007ff93b6a0000 - 0x00007ff93b8a1000 	C:\WINDOWS\SYSTEM32\inputhost.dll
0x00007ff9452e0000 - 0x00007ff945413000 	C:\WINDOWS\SYSTEM32\CoreMessaging.dll
0x00007ff946560000 - 0x00007ff94660b000 	C:\WINDOWS\system32\uxtheme.dll
0x00007ff948d60000 - 0x00007ff948d6c000 	C:\WINDOWS\SYSTEM32\CRYPTBASE.DLL
0x00007ff94b3f0000 - 0x00007ff94b517000 	C:\WINDOWS\System32\MSCTF.dll
0x00007ff8fc210000 - 0x00007ff8fc310000 	C:\WINDOWS\SYSTEM32\opengl32.dll
0x00007ff908d70000 - 0x00007ff908d9d000 	C:\WINDOWS\SYSTEM32\GLU32.dll
0x00007ff9468c0000 - 0x00007ff9468f8000 	C:\WINDOWS\SYSTEM32\dxcore.dll
0x00007ff941ea0000 - 0x00007ff941ee8000 	C:\WINDOWS\SYSTEM32\directxdatabasehelper.dll
0x00007ff94ba10000 - 0x00007ff94bac0000 	C:\WINDOWS\System32\clbcatq.dll
0x00007ff942460000 - 0x00007ff94248d000 	C:\WINDOWS\System32\DriverStore\FileRepository\u0383643.inf_amd64_70ca08b4620b8b9a\B383687\atig6pxx.dll
0x00007ff8c8e60000 - 0x00007ff8cca95000 	C:\WINDOWS\System32\DriverStore\FileRepository\u0383643.inf_amd64_70ca08b4620b8b9a\B383687\atio6axx.dll
0x00007ff94af70000 - 0x00007ff94b3e4000 	C:\WINDOWS\System32\SETUPAPI.dll
0x00007ff949ec0000 - 0x00007ff949f2b000 	C:\WINDOWS\System32\WINTRUST.dll
0x00007ff949c60000 - 0x00007ff949dc7000 	C:\WINDOWS\System32\CRYPT32.dll
0x00007ff9492a0000 - 0x00007ff9492b2000 	C:\WINDOWS\SYSTEM32\MSASN1.dll

dbghelp: loaded successfully - version: 4.0.5 - missing functions: none
symbol engine: initialized successfully - sym options: 0x614 - pdb path: .;C:\Program Files\Java\jdk-17\bin;C:\WINDOWS\SYSTEM32;C:\WINDOWS\WinSxS\amd64_microsoft.windows.common-controls_6595b64144ccf1df_6.0.22621.1635_none_270f70857386168e;C:\Program Files\Java\jdk-17\bin\server;C:\Users\savas\AppData\Local\Temp\lwjglsavas\3.3.1-build-7;C:\WINDOWS\System32\DriverStore\FileRepository\u0383643.inf_amd64_70ca08b4620b8b9a\B383687

VM Arguments:
jvm_args: -Dforge.enableGameTest=true -Dforge.enabledGameTestNamespaces=examplemod -Dforge.logging.console.level=debug -Dforge.logging.markers=REGISTRIES -DignoreList=bootstraplauncher,securejarhandler,asm-commons,asm-util,asm-analysis,asm-tree,asm,JarJarFileSystems,client-extra,fmlcore,javafmllanguage,lowcodelanguage,mclanguage,forge- -Djava.net.preferIPv6Addresses=system -DlegacyClassPath.file=D:\ecllpse-workspace\TestMod1\build\classpath\runClient_minecraftClasspath.txt -DmergeModules=jna-5.10.0.jar,jna-platform-5.10.0.jar --module-path=C:\Users\savas\.gradle\caches\modules-2\files-2.1\cpw.mods\bootstraplauncher\1.1.2\c546e00443d8432cda6baa1c860346980742628\bootstraplauncher-1.1.2.jar;C:\Users\savas\.gradle\caches\modules-2\files-2.1\cpw.mods\securejarhandler\2.1.10\51e6a22c6c716beb11e244bf5b8be480f51dd6b5\securejarhandler-2.1.10.jar;C:\Users\savas\.gradle\caches\modules-2\files-2.1\org.ow2.asm\asm-commons\9.5\19ab5b5800a3910d30d3a3e64fdb00fd0cb42de0\asm-commons-9.5.jar;C:\Users\savas\.gradle\caches\modules-2\files-2.1\org.ow2.asm\asm-util\9.5\64b5a1fc8c1b15ed2efd6a063e976bc8d3dc5ffe\asm-util-9.5.jar;C:\Users\savas\.gradle\caches\modules-2\files-2.1\org.ow2.asm\asm-analysis\9.5\490bacc77de7cbc0be1a30bb3471072d705be4a4\asm-analysis-9.5.jar;C:\Users\savas\.gradle\caches\modules-2\files-2.1\org.ow2.asm\asm-tree\9.5\fd33c8b6373abaa675be407082fdfda35021254a\asm-tree-9.5.jar;C:\Users\savas\.gradle\caches\modules-2\files-2.1\org.ow2.asm\asm\9.5\dc6ea1875f4d64fbc85e1691c95b96a3d8569c90\asm-9.5.jar;C:\Users\savas\.gradle\caches\modules-2\files-2.1\net.minecraftforge\JarJarFileSystems\0.3.19\2464eb7d6b9ddb9db36a82cf8a95193e5c6fe020\JarJarFileSystems-0.3.19.jar --add-modules=ALL-MODULE-PATH --add-opens=java.base/java.util.jar=cpw.mods.securejarhandler --add-opens=java.base/java.lang.invoke=cpw.mods.securejarhandler --add-exports=java.base/sun.security.util=cpw.mods.securejarhandler --add-exports=jdk.naming.dns/com.sun.jndi.dns=java.naming -XX:HeapDumpPath=MojangTricksIntelDriversForPerformance_javaw.exe_minecraft.exe.heapdump -Dfile.encoding=windows-1252 -Duser.country=US -Duser.language=en -Duser.variant 
java_command: cpw.mods.bootstraplauncher.BootstrapLauncher --launchTarget forgeclientuserdev --version MOD_DEV --assetIndex 5 --assetsDir C:\Users\savas\.gradle\caches\forge_gradle\assets --gameDir . --fml.forgeVersion 47.1.0 --fml.mcVersion 1.20.1 --fml.forgeGroup net.minecraftforge --fml.mcpVersion 20230612.114412
java_class_path (initial): D:\ecllpse-workspace\TestMod1\build\classes\java\main;D:\ecllpse-workspace\TestMod1\build\resources\main;C:\Users\savas\.gradle\caches\forge_gradle\minecraft_user_repo\net\minecraftforge\forge\1.20.1-47.1.0_mapped_parchment_1.19.2-2022.08.14-1.20\forge-1.20.1-47.1.0_mapped_parchment_1.19.2-2022.08.14-1.20-recomp.jar;C:\Users\savas\.gradle\caches\forge_gradle\minecraft_repo\versions\1.20.1\client-extra.jar;C:\Users\savas\.gradle\caches\modules-2\files-2.1\net.minecraftforge\fmlearlydisplay\1.20.1-47.1.0\faf61a8a8cc80e82a5691fac00149f06eeaf0438\fmlearlydisplay-1.20.1-47.1.0.jar;C:\Users\savas\.gradle\caches\modules-2\files-2.1\net.minecraftforge\javafmllanguage\1.20.1-47.1.0\a2cd58d15791eaac9983e30be0995e66bd48633e\javafmllanguage-1.20.1-47.1.0.jar;C:\Users\savas\.gradle\caches\modules-2\files-2.1\net.minecraftforge\lowcodelanguage\1.20.1-47.1.0\f1f11b7217b8320f1b3eb81c746b7b8a70a9ba06\lowcodelanguage-1.20.1-47.1.0.jar;C:\Users\savas\.gradle\caches\modules-2\files-2.1\net.minecraftforge\mclanguage\1.20.1-47.1.0\ff1b8eeb1bd00dfb130263b8952b931f5369252e\mclanguage-1.20.1-47.1.0.jar;C:\Users\savas\.gradle\caches\modules-2\files-2.1\net.minecraftforge\fmlcore\1.20.1-47.1.0\69ca36ae5b8d45c377a5485dc38a7343e5ebf33c\fmlcore-1.20.1-47.1.0.jar;C:\Users\savas\.gradle\caches\modules-2\files-2.1\net.minecraftforge\fmlloader\1.20.1-47.1.0\f7b5e4ef130d184e0ea48e6d8bf0a2d90757e8c6\fmlloader-1.20.1-47.1.0.jar;C:\Users\savas\.gradle\caches\modules-2\files-2.1\net.minecraftforge\JarJarSelector\0.3.19\376cc9c8ea60720cf027c01fc033de915699801c\JarJarSelector-0.3.19.jar;C:\Users\savas\.gradle\caches\modules-2\files-2.1\net.minecraftforge\JarJarMetadata\0.3.19\83feaa9b770e6ac0e96ee4fc23fa89325c5fe2\JarJarMetadata-0.3.19.jar;C:\Users\savas\.gradle\caches\modules-2\files-2.1\com.google.guava\guava\31.1-jre\60458f877d055d0c9114d9e1a2efb737b4bc282c\guava-31.1-jre.jar;C:\Users\savas\.gradle\caches\modules-2\files-2.1\com.google.code.findbugs\jsr305\3.0.2\25ea2e8b0c33
Launcher Type: SUN_STANDARD

[Global flags]
     intx CICompilerCount                          = 12                                        {product} {ergonomic}
     uint ConcGCThreads                            = 3                                         {product} {ergonomic}
     uint G1ConcRefinementThreads                  = 13                                        {product} {ergonomic}
   size_t G1HeapRegionSize                         = 2097152                                   {product} {ergonomic}
    uintx GCDrainStackTargetSize                   = 64                                        {product} {ergonomic}
    ccstr HeapDumpPath                             = MojangTricksIntelDriversForPerformance_javaw.exe_minecraft.exe.heapdump         {manageable} {command line}
   size_t InitialHeapSize                          = 255852544                                 {product} {ergonomic}
   size_t MarkStackSize                            = 4194304                                   {product} {ergonomic}
   size_t MaxHeapSize                              = 4093640704                                {product} {ergonomic}
   size_t MaxNewSize                               = 2455764992                                {product} {ergonomic}
   size_t MinHeapDeltaBytes                        = 2097152                                   {product} {ergonomic}
   size_t MinHeapSize                              = 8388608                                   {product} {ergonomic}
    uintx NonNMethodCodeHeapSize                   = 7602480                                {pd product} {ergonomic}
    uintx NonProfiledCodeHeapSize                  = 122027880                              {pd product} {ergonomic}
    uintx ProfiledCodeHeapSize                     = 122027880                              {pd product} {ergonomic}
    uintx ReservedCodeCacheSize                    = 251658240                              {pd product} {ergonomic}
     bool SegmentedCodeCache                       = true                                      {product} {ergonomic}
   size_t SoftMaxHeapSize                          = 4093640704                             {manageable} {ergonomic}
     bool UseCompressedClassPointers               = true                           {product lp64_product} {ergonomic}
     bool UseCompressedOops                        = true                           {product lp64_product} {ergonomic}
     bool UseG1GC                                  = true                                      {product} {ergonomic}
     bool UseLargePagesIndividualAllocation        = false                                  {pd product} {ergonomic}

Logging:
Log output configuration:
 #0: stdout all=warning uptime,level,tags
 #1: stderr all=off uptime,level,tags

Environment Variables:
JAVA_HOME=C:\Program Files\Eclipse Adoptium\jre-17.0.7.7-hotspot\
PATH=C:/Users/savas/.p2/pool/plugins/org.eclipse.justj.openjdk.hotspot.jre.full.win32.x86_64_17.0.7.v20230425-1502/jre/bin/server;C:/Users/savas/.p2/pool/plugins/org.eclipse.justj.openjdk.hotspot.jre.full.win32.x86_64_17.0.7.v20230425-1502/jre/bin;C:\Program Files\Eclipse Adoptium\jre-17.0.7.7-hotspot\bin;C:\Program Files\Rockwell Software\RSCommon;C:\Program Files\Common Files\Oracle\Java\javapath;C:\Program Files (x86)\Common Files\Oracle\Java\javapath;C:\WINDOWS\system32;C:\WINDOWS;C:\WINDOWS\System32\Wbem;C:\WINDOWS\System32\WindowsPowerShell\v1.0\;C:\WINDOWS\System32\OpenSSH\;C:\Program Files\NVIDIA Corporation\NVIDIA NvDLISR;C:\Program Files (x86)\NVIDIA Corporation\PhysX\Common;C:\Program Files\dotnet\;C:\Program Files\Git\cmd;C:\Program Files\SciTools\bin\pc-win64;C:\Program Files\nodejs\;C:\Users\savas\AppData\Local\Microsoft\WindowsApps;C:\Users\savas\.dotnet\tools;C:\Users\savas\AppData\Local\Programs\Microsoft VS Code\bin;C:\Users\savas\AppData\Roaming\npm;C:\WINDOWS\system32;
USERNAME=savas
OS=Windows_NT
PROCESSOR_IDENTIFIER=AMD64 Family 25 Model 68 Stepping 1, AuthenticAMD



---------------  S Y S T E M  ---------------

OS:
 Windows 11 , 64 bit Build 22621 (10.0.22621.1778)
OS uptime: 0 days 0:37 hours

CPU: total 16 (initial active 16) (16 cores per cpu, 2 threads per core) family 25 model 68 stepping 1 microcode 0x0, cx8, cmov, fxsr, ht, mmx, 3dnowpref, sse, sse2, sse3, ssse3, sse4a, sse4.1, sse4.2, popcnt, lzcnt, tsc, tscinvbit, avx, avx2, aes, erms, clmul, bmi1, bmi2, adx, sha, fma, vzeroupper, clflush, clflushopt

Memory: 4k page, system-wide physical 15612M (3783M free)
TotalPageFile size 23548M (AvailPageFile size 5996M)
current process WorkingSet (physical memory assigned to process): 346M, peak: 348M
current process commit charge ("private bytes"): 463M, peak: 466M

vm_info: Java HotSpot(TM) 64-Bit Server VM (17.0.7+8-LTS-224) for windows-amd64 JRE (17.0.7+8-LTS-224), built on Feb 28 2023 23:03:02 by "mach5one" with MS VC++ 17.1 (VS2022)

END.
