#
# A fatal error has been detected by the Java Runtime Environment:
#
#  EXCEPTION_ACCESS_VIOLATION (0xc0000005) at pc=0x00007ff9670a2b60, pid=9892, tid=22224
#
# JRE version: Java(TM) SE Runtime Environment (17.0.7+8) (build 17.0.7+8-LTS-224)
# Java VM: Java HotSpot(TM) 64-Bit Server VM (17.0.7+8-LTS-224, mixed mode, sharing, tiered, compressed oops, compressed class ptrs, g1 gc, windows-amd64)
# Problematic frame:
# C  [atio6axx.dll+0x192b60]
#
# No core dump will be written. Minidumps are not enabled by default on client versions of Windows
#
# If you would like to submit a bug report, please visit:
#   https://bugreport.java.com/bugreport/crash.jsp
# The crash happened outside the Java Virtual Machine in native code.
# See problematic frame for where to report the bug.
#

---------------  S U M M A R Y ------------

Command Line: -Dforge.enableGameTest=true -Dforge.enabledGameTestNamespaces=examplemod -Dforge.logging.console.level=debug -Dforge.logging.markers=REGISTRIES -DignoreList=bootstraplauncher,securejarhandler,asm-commons,asm-util,asm-analysis,asm-tree,asm,JarJarFileSystems,client-extra,fmlcore,javafmllanguage,lowcodelanguage,mclanguage,forge- -Djava.net.preferIPv6Addresses=system -DlegacyClassPath.file=D:\ecllpse-workspace\TestMod1\build\classpath\runClient_minecraftClasspath.txt -DmergeModules=jna-5.10.0.jar,jna-platform-5.10.0.jar --module-path=C:\Users\savas\.gradle\caches\modules-2\files-2.1\cpw.mods\bootstraplauncher\1.1.2\c546e00443d8432cda6baa1c860346980742628\bootstraplauncher-1.1.2.jar;C:\Users\savas\.gradle\caches\modules-2\files-2.1\cpw.mods\securejarhandler\2.1.10\51e6a22c6c716beb11e244bf5b8be480f51dd6b5\securejarhandler-2.1.10.jar;C:\Users\savas\.gradle\caches\modules-2\files-2.1\org.ow2.asm\asm-commons\9.5\19ab5b5800a3910d30d3a3e64fdb00fd0cb42de0\asm-commons-9.5.jar;C:\Users\savas\.gradle\caches\modules-2\files-2.1\org.ow2.asm\asm-util\9.5\64b5a1fc8c1b15ed2efd6a063e976bc8d3dc5ffe\asm-util-9.5.jar;C:\Users\savas\.gradle\caches\modules-2\files-2.1\org.ow2.asm\asm-analysis\9.5\490bacc77de7cbc0be1a30bb3471072d705be4a4\asm-analysis-9.5.jar;C:\Users\savas\.gradle\caches\modules-2\files-2.1\org.ow2.asm\asm-tree\9.5\fd33c8b6373abaa675be407082fdfda35021254a\asm-tree-9.5.jar;C:\Users\savas\.gradle\caches\modules-2\files-2.1\org.ow2.asm\asm\9.5\dc6ea1875f4d64fbc85e1691c95b96a3d8569c90\asm-9.5.jar;C:\Users\savas\.gradle\caches\modules-2\files-2.1\net.minecraftforge\JarJarFileSystems\0.3.19\2464eb7d6b9ddb9db36a82cf8a95193e5c6fe020\JarJarFileSystems-0.3.19.jar --add-modules=ALL-MODULE-PATH --add-opens=java.base/java.util.jar=cpw.mods.securejarhandler --add-opens=java.base/java.lang.invoke=cpw.mods.securejarhandler --add-exports=java.base/sun.security.util=cpw.mods.securejarhandler --add-exports=jdk.naming.dns/com.sun.jndi.dns=java.naming -XX:HeapDumpPath=MojangTricksIntelDriversForPerformance_javaw.exe_minecraft.exe.heapdump -Dfile.encoding=windows-1252 -Duser.country=US -Duser.language=en -Duser.variant cpw.mods.bootstraplauncher.BootstrapLauncher --launchTarget forgeclientuserdev --version MOD_DEV --assetIndex 5 --assetsDir C:\Users\savas\.gradle\caches\forge_gradle\assets --gameDir . --fml.forgeVersion 47.1.0 --fml.mcVersion 1.20.1 --fml.forgeGroup net.minecraftforge --fml.mcpVersion 20230612.114412

Host: AMD Ryzen 7 6800HS with Radeon Graphics         , 16 cores, 15G,  Windows 11 , 64 bit Build 22621 (10.0.22621.1778)
Time: Mon Jul 10 22:25:33 2023 Turkey Standard Time elapsed time: 2.216561 seconds (0d 0h 0m 2s)

---------------  T H R E A D  ---------------

Current thread (0x0000023e73fb0ac0):  JavaThread "main" [_thread_in_native, id=22224, stack(0x000000f2cad00000,0x000000f2cae00000)]

Stack: [0x000000f2cad00000,0x000000f2cae00000],  sp=0x000000f2cadfb6a8,  free space=1005k
Native frames: (J=compiled Java code, j=interpreted, Vv=VM code, C=native code)
C  [atio6axx.dll+0x192b60]

Java frames: (J=compiled Java code, j=interpreted, Vv=VM code)
j  org.lwjgl.system.JNI.invokePPPP(IIJJJJ)J+0 org.lwjgl@3.3.1+7
j  org.lwjgl.glfw.GLFW.nglfwCreateWindow(IIJJJ)J+14 org.lwjgl.glfw@3.3.1+7
j  org.lwjgl.glfw.GLFW.glfwCreateWindow(IILjava/lang/CharSequence;JJ)J+34 org.lwjgl.glfw@3.3.1+7
j  net.minecraftforge.fml.earlydisplay.DisplayWindow.initWindow(Ljava/lang/String;)V+408 fmlearlydisplay@1.20.1-47.1.0
j  net.minecraftforge.fml.earlydisplay.DisplayWindow.start(Ljava/lang/String;Ljava/lang/String;)Ljava/lang/Runnable;+14 fmlearlydisplay@1.20.1-47.1.0
j  net.minecraftforge.fml.earlydisplay.DisplayWindow.initialize([Ljava/lang/String;)Ljava/lang/Runnable;+410 fmlearlydisplay@1.20.1-47.1.0
j  net.minecraftforge.fml.loading.ImmediateWindowHandler.load(Ljava/lang/String;[Ljava/lang/String;)V+180 fmlloader@1.20.1-47.1.0
j  net.minecraftforge.fml.loading.ModDirTransformerDiscoverer.earlyInitialization(Ljava/lang/String;[Ljava/lang/String;)V+2 fmlloader@1.20.1-47.1.0
j  cpw.mods.modlauncher.TransformationServicesHandler.lambda$discoverServices$18(Lcpw/mods/modlauncher/ArgumentHandler$DiscoveryData;Lcpw/mods/modlauncher/serviceapi/ITransformerDiscoveryService;)V+9 cpw.mods.modlauncher@10.0.9
j  cpw.mods.modlauncher.TransformationServicesHandler$$Lambda$417+0x0000000800e16db0.accept(Ljava/lang/Object;)V+8 cpw.mods.modlauncher@10.0.9
J 2741 c2 java.lang.Iterable.forEach(Ljava/util/function/Consumer;)V java.base@17.0.7 (39 bytes) @ 0x0000023e07d537b4 [0x0000023e07d533e0+0x00000000000003d4]
j  cpw.mods.modlauncher.TransformationServicesHandler.discoverServices(Lcpw/mods/modlauncher/ArgumentHandler$DiscoveryData;)V+145 cpw.mods.modlauncher@10.0.9
j  cpw.mods.modlauncher.Launcher.run([Ljava/lang/String;)V+14 cpw.mods.modlauncher@10.0.9
j  cpw.mods.modlauncher.Launcher.main([Ljava/lang/String;)V+78 cpw.mods.modlauncher@10.0.9
j  cpw.mods.modlauncher.BootstrapLaunchConsumer.accept([Ljava/lang/String;)V+1 cpw.mods.modlauncher@10.0.9
j  cpw.mods.modlauncher.BootstrapLaunchConsumer.accept(Ljava/lang/Object;)V+5 cpw.mods.modlauncher@10.0.9
j  cpw.mods.bootstraplauncher.BootstrapLauncher.main([Ljava/lang/String;)V+515 cpw.mods.bootstraplauncher@1.1.2
v  ~StubRoutines::call_stub

siginfo: EXCEPTION_ACCESS_VIOLATION (0xc0000005), reading address 0xffffffffffffffff


Register to memory mapping:

RIP=0x00007ff9670a2b60 atio6axx.dll
RAX=0x0 is NULL
RBX=0x00007ff96a8e33c0 atio6axx.dll
RCX=0x3a433b72616a2e35 is an unknown value
RDX=0x00000000000000d0 is an unknown value
RSP=0x000000f2cadfb6a8 is pointing into the stack for thread: 0x0000023e73fb0ac0
RBP=0x000000f2cadfb810 is pointing into the stack for thread: 0x0000023e73fb0ac0
RSI=0x00007ff96a7f2d40 atio6axx.dll
RDI=0x000000f2cadfbb00 is pointing into the stack for thread: 0x0000023e73fb0ac0
R8 =0x00000000000001a5 is an unknown value
R9 =0x3a433b72616a2e35 is an unknown value
R10=0x0 is NULL
R11=0x0000000000000200 is an unknown value
R12=0x00007ff96a8e3418 atio6axx.dll
R13=0x00007ff96a8e5c18 atio6axx.dll
R14=0x00007ff96a8e33c0 atio6axx.dll
R15=0x0 is NULL


Registers:
RAX=0x0000000000000000, RBX=0x00007ff96a8e33c0, RCX=0x3a433b72616a2e35, RDX=0x00000000000000d0
RSP=0x000000f2cadfb6a8, RBP=0x000000f2cadfb810, RSI=0x00007ff96a7f2d40, RDI=0x000000f2cadfbb00
R8 =0x00000000000001a5, R9 =0x3a433b72616a2e35, R10=0x0000000000000000, R11=0x0000000000000200
R12=0x00007ff96a8e3418, R13=0x00007ff96a8e5c18, R14=0x00007ff96a8e33c0, R15=0x0000000000000000
RIP=0x00007ff9670a2b60, EFLAGS=0x0000000000010202

Top of Stack: (sp=0x000000f2cadfb6a8)
0x000000f2cadfb6a8:   00007ff9670a2e7c 00007ff96a8e6030
0x000000f2cadfb6b8:   0000023e1a8f2458 0000000000000000
0x000000f2cadfb6c8:   00007ff9670a3e8d 000000f2cadfbb00
0x000000f2cadfb6d8:   00007ff96705f484 00007ff96a8e33c0
0x000000f2cadfb6e8:   00007ff96a7f2d40 0000652e6176616a
0x000000f2cadfb6f8:   0000586125d47234 000000f2cadfbb00
0x000000f2cadfb708:   00007ff967060457 00007ff96a8e33c8
0x000000f2cadfb718:   00007ff96a7f2d40 00007ff96a7f2d40
0x000000f2cadfb728:   0000000000000000 00007ff96a8e33c0
0x000000f2cadfb738:   00007ff900000000 0000000000000009
0x000000f2cadfb748:   0000023e1a8ffaa0 0000023e1a8ffc08
0x000000f2cadfb758:   00007ff96a8e33c8 000000f2cadfbb00
0x000000f2cadfb768:   000000f2cadfb8b1 00007f006176616a
0x000000f2cadfb778:   00007f006176616a 46676e697274535c
0x000000f2cadfb788:   5c6f666e49656c69 3062343039303430
0x000000f2cadfb798:   726556656c69465c 000000006e6f6973 

Instructions: (pc=0x00007ff9670a2b60)
0x00007ff9670a2a60:   74 09 33 c9 ff 15 e6 89 66 03 90 48 8b c3 48 83
0x00007ff9670a2a70:   c4 20 5b c3 cc cc cc cc cc cc cc cc cc cc cc cc
0x00007ff9670a2a80:   48 83 ec 28 48 8b 51 08 48 85 d2 74 09 33 c9 ff
0x00007ff9670a2a90:   15 bb 89 66 03 90 48 83 c4 28 c3 cc cc cc cc cc
0x00007ff9670a2aa0:   48 89 11 c3 cc cc cc cc cc cc cc cc cc cc cc cc
0x00007ff9670a2ab0:   48 8b c1 c3 cc cc cc cc cc cc cc cc cc cc cc cc
0x00007ff9670a2ac0:   48 3b ca 74 10 41 8b 00 39 01 74 09 48 83 c1 04
0x00007ff9670a2ad0:   48 3b ca 75 f3 48 8b c1 c3 cc cc cc cc cc cc cc
0x00007ff9670a2ae0:   48 8b c1 c3 cc cc cc cc cc cc cc cc cc cc cc cc
0x00007ff9670a2af0:   48 83 39 00 0f 94 c0 c3 cc cc cc cc cc cc cc cc
0x00007ff9670a2b00:   4c 8d 04 d5 00 00 00 00 33 d2 e9 c1 d0 dd 01 cc
0x00007ff9670a2b10:   4c 8b 41 08 48 8b 02 49 89 00 48 83 41 08 08 c3
0x00007ff9670a2b20:   48 8b c1 c3 cc cc cc cc cc cc cc cc cc cc cc cc
0x00007ff9670a2b30:   48 8b c1 c3 cc cc cc cc cc cc cc cc cc cc cc cc
0x00007ff9670a2b40:   49 8b 00 48 89 02 c3 cc cc cc cc cc cc cc cc cc
0x00007ff9670a2b50:   8b 81 40 39 00 00 c3 cc cc cc cc cc cc cc cc cc
0x00007ff9670a2b60:   8b 81 40 39 00 00 83 c0 f0 83 f8 67 0f 87 5a 01
0x00007ff9670a2b70:   00 00 48 8d 15 87 d4 e6 ff 0f b6 84 02 f0 2c 19
0x00007ff9670a2b80:   00 8b 8c 82 d0 2c 19 00 48 03 ca ff e1 48 8b 0d
0x00007ff9670a2b90:   7c 6f 7e 03 83 b9 b4 34 00 00 02 0f 87 2b 01 00
0x00007ff9670a2ba0:   00 48 8d 91 0c 29 00 00 c7 02 e1 00 00 00 e9 ce
0x00007ff9670a2bb0:   00 00 00 48 8b 0d 56 6f 7e 03 83 b9 b4 34 00 00
0x00007ff9670a2bc0:   02 0f 87 05 01 00 00 48 8d 91 0c 29 00 00 c7 02
0x00007ff9670a2bd0:   f0 00 00 00 e9 a8 00 00 00 48 8b 0d 30 6f 7e 03
0x00007ff9670a2be0:   83 b9 b4 34 00 00 02 0f 87 df 00 00 00 48 8d 91
0x00007ff9670a2bf0:   0c 29 00 00 c7 02 00 04 00 00 e9 82 00 00 00 48
0x00007ff9670a2c00:   8b 0d 0a 6f 7e 03 83 b9 b4 34 00 00 02 0f 87 b9
0x00007ff9670a2c10:   00 00 00 48 8d 91 0c 29 00 00 c7 02 00 08 00 00
0x00007ff9670a2c20:   eb 5f 48 8b 0d e7 6e 7e 03 83 b9 b4 34 00 00 02
0x00007ff9670a2c30:   0f 87 96 00 00 00 48 8d 91 0c 29 00 00 c7 02 00
0x00007ff9670a2c40:   09 00 00 eb 3c 48 8b 0d c4 6e 7e 03 83 b9 b4 34
0x00007ff9670a2c50:   00 00 02 77 77 48 8d 91 0c 29 00 00 c7 02 3c 0f 


Stack slot to memory mapping:
stack at sp + 0 slots: 0x00007ff9670a2e7c atio6axx.dll
stack at sp + 1 slots: 0x00007ff96a8e6030 atio6axx.dll
stack at sp + 2 slots: 0x0000023e1a8f2458 points into unknown readable memory: 0x00007ff96a0ef5f0 | f0 f5 0e 6a f9 7f 00 00
stack at sp + 3 slots: 0x0 is NULL
stack at sp + 4 slots: 0x00007ff9670a3e8d atio6axx.dll
stack at sp + 5 slots: 0x000000f2cadfbb00 is pointing into the stack for thread: 0x0000023e73fb0ac0
stack at sp + 6 slots: 0x00007ff96705f484 atio6axx.dll
stack at sp + 7 slots: 0x00007ff96a8e33c0 atio6axx.dll


---------------  P R O C E S S  ---------------

Threads class SMR info:
_java_thread_list=0x0000023e1936c1b0, length=20, elements={
0x0000023e73fb0ac0, 0x0000023e17267d10, 0x0000023e1726a5e0, 0x0000023e1727f2a0,
0x0000023e1727fb60, 0x0000023e17280420, 0x0000023e17282cf0, 0x0000023e172859a0,
0x0000023e17287360, 0x0000023e1728b160, 0x0000023e173349d0, 0x0000023e17384390,
0x0000023e173d6630, 0x0000023e174cc6f0, 0x0000023e1762b650, 0x0000023e1762bb60,
0x0000023e18607790, 0x0000023e1b1e5ad0, 0x0000023e1c36b5e0, 0x0000023e185fc4b0
}

Java Threads: ( => current thread )
=>0x0000023e73fb0ac0 JavaThread "main" [_thread_in_native, id=22224, stack(0x000000f2cad00000,0x000000f2cae00000)]
  0x0000023e17267d10 JavaThread "Reference Handler" daemon [_thread_blocked, id=1356, stack(0x000000f2cb400000,0x000000f2cb500000)]
  0x0000023e1726a5e0 JavaThread "Finalizer" daemon [_thread_blocked, id=22020, stack(0x000000f2cb500000,0x000000f2cb600000)]
  0x0000023e1727f2a0 JavaThread "Signal Dispatcher" daemon [_thread_blocked, id=18828, stack(0x000000f2cb600000,0x000000f2cb700000)]
  0x0000023e1727fb60 JavaThread "Attach Listener" daemon [_thread_blocked, id=2800, stack(0x000000f2cb700000,0x000000f2cb800000)]
  0x0000023e17280420 JavaThread "Service Thread" daemon [_thread_blocked, id=4204, stack(0x000000f2cb800000,0x000000f2cb900000)]
  0x0000023e17282cf0 JavaThread "Monitor Deflation Thread" daemon [_thread_blocked, id=20140, stack(0x000000f2cb900000,0x000000f2cba00000)]
  0x0000023e172859a0 JavaThread "C2 CompilerThread0" daemon [_thread_blocked, id=11468, stack(0x000000f2cba00000,0x000000f2cbb00000)]
  0x0000023e17287360 JavaThread "C1 CompilerThread0" daemon [_thread_blocked, id=20632, stack(0x000000f2cbb00000,0x000000f2cbc00000)]
  0x0000023e1728b160 JavaThread "Sweeper thread" daemon [_thread_blocked, id=21628, stack(0x000000f2cbc00000,0x000000f2cbd00000)]
  0x0000023e173349d0 JavaThread "C1 CompilerThread1" daemon [_thread_blocked, id=7568, stack(0x000000f2cbd00000,0x000000f2cbe00000)]
  0x0000023e17384390 JavaThread "Common-Cleaner" daemon [_thread_blocked, id=17120, stack(0x000000f2cbe00000,0x000000f2cbf00000)]
  0x0000023e173d6630 JavaThread "C2 CompilerThread1" daemon [_thread_blocked, id=17620, stack(0x000000f2cbf00000,0x000000f2cc000000)]
  0x0000023e174cc6f0 JavaThread "Notification Thread" daemon [_thread_blocked, id=16576, stack(0x000000f2cc000000,0x000000f2cc100000)]
  0x0000023e1762b650 JavaThread "C1 CompilerThread2" daemon [_thread_blocked, id=22168, stack(0x000000f2cc200000,0x000000f2cc300000)]
  0x0000023e1762bb60 JavaThread "C1 CompilerThread3" daemon [_thread_blocked, id=13772, stack(0x000000f2cc300000,0x000000f2cc400000)]
  0x0000023e18607790 JavaThread "C2 CompilerThread2" daemon [_thread_blocked, id=20408, stack(0x000000f2cc400000,0x000000f2cc500000)]
  0x0000023e1b1e5ad0 JavaThread "C2 CompilerThread3" daemon [_thread_blocked, id=2232, stack(0x000000f2cc900000,0x000000f2cca00000)]
  0x0000023e1c36b5e0 JavaThread "C2 CompilerThread4" daemon [_thread_blocked, id=15088, stack(0x000000f2cca00000,0x000000f2ccb00000)]
  0x0000023e185fc4b0 JavaThread "pool-2-thread-1" daemon [_thread_blocked, id=21164, stack(0x000000f2cd100000,0x000000f2cd200000)]

Other Threads:
  0x0000023e172665a0 VMThread "VM Thread" [stack: 0x000000f2cb300000,0x000000f2cb400000] [id=21540]
  0x0000023e74041760 WatcherThread [stack: 0x000000f2cc100000,0x000000f2cc200000] [id=22152]
  0x0000023e7401ab00 GCTaskThread "GC Thread#0" [stack: 0x000000f2cae00000,0x000000f2caf00000] [id=7536]
  0x0000023e18608050 GCTaskThread "GC Thread#1" [stack: 0x000000f2cc500000,0x000000f2cc600000] [id=12188]
  0x0000023e18608300 GCTaskThread "GC Thread#2" [stack: 0x000000f2cc600000,0x000000f2cc700000] [id=19644]
  0x0000023e186085b0 GCTaskThread "GC Thread#3" [stack: 0x000000f2cc700000,0x000000f2cc800000] [id=7548]
  0x0000023e18608860 GCTaskThread "GC Thread#4" [stack: 0x000000f2cc800000,0x000000f2cc900000] [id=12076]
  0x0000023e19f91640 GCTaskThread "GC Thread#5" [stack: 0x000000f2cce00000,0x000000f2ccf00000] [id=11068]
  0x0000023e1b9b99a0 GCTaskThread "GC Thread#6" [stack: 0x000000f2ccb00000,0x000000f2ccc00000] [id=17812]
  0x0000023e1b42afd0 GCTaskThread "GC Thread#7" [stack: 0x000000f2ccc00000,0x000000f2ccd00000] [id=3084]
  0x0000023e7402abf0 ConcurrentGCThread "G1 Main Marker" [stack: 0x000000f2caf00000,0x000000f2cb000000] [id=13744]
  0x0000023e7402cb60 ConcurrentGCThread "G1 Conc#0" [stack: 0x000000f2cb000000,0x000000f2cb100000] [id=20992]
  0x0000023e16edc660 ConcurrentGCThread "G1 Refine#0" [stack: 0x000000f2cb100000,0x000000f2cb200000] [id=22268]
  0x0000023e16eded40 ConcurrentGCThread "G1 Service" [stack: 0x000000f2cb200000,0x000000f2cb300000] [id=18860]

Threads with active compile tasks:

VM state: not at safepoint (normal execution)

VM Mutex/Monitor currently owned by a thread: None

Heap address: 0x000000070c000000, size: 3904 MB, Compressed Oops mode: Zero based, Oop shift amount: 3

CDS archive(s) mapped at: [0x0000000800000000-0x0000000800bd0000-0x0000000800bd0000), size 12386304, SharedBaseAddress: 0x0000000800000000, ArchiveRelocationMode: 0.
Compressed class space mapped at: 0x0000000800c00000-0x0000000840c00000, reserved size: 1073741824
Narrow klass base: 0x0000000800000000, Narrow klass shift: 0, Narrow klass range: 0x100000000

GC Precious Log:
 CPUs: 16 total, 16 available
 Memory: 15612M
 Large Page Support: Disabled
 NUMA Support: Disabled
 Compressed Oops: Enabled (Zero based)
 Heap Region Size: 2M
 Heap Min Capacity: 8M
 Heap Initial Capacity: 244M
 Heap Max Capacity: 3904M
 Pre-touch: Disabled
 Parallel Workers: 13
 Concurrent Workers: 3
 Concurrent Refinement Workers: 13
 Periodic GC: Disabled

Heap:
 garbage-first heap   total 249856K, used 90787K [0x000000070c000000, 0x0000000800000000)
  region size 2048K, 35 young (71680K), 7 survivors (14336K)
 Metaspace       used 16809K, committed 17152K, reserved 1064960K
  class space    used 1904K, committed 2048K, reserved 1048576K

Heap Regions: E=young(eden), S=young(survivor), O=old, HS=humongous(starts), HC=humongous(continues), CS=collection set, F=free, OA=open archive, CA=closed archive, TAMS=top-at-mark-start (previous, next)
|   0|0x000000070c000000, 0x000000070c200000, 0x000000070c200000|100%|HS|  |TAMS 0x000000070c000000, 0x000000070c000000| Complete 
|   1|0x000000070c200000, 0x000000070c400000, 0x000000070c400000|100%| O|  |TAMS 0x000000070c200000, 0x000000070c200000| Untracked 
|   2|0x000000070c400000, 0x000000070c600000, 0x000000070c600000|100%| O|  |TAMS 0x000000070c400000, 0x000000070c400000| Untracked 
|   3|0x000000070c600000, 0x000000070c800000, 0x000000070c800000|100%|HS|  |TAMS 0x000000070c600000, 0x000000070c600000| Complete 
|   4|0x000000070c800000, 0x000000070ca00000, 0x000000070ca00000|100%| O|  |TAMS 0x000000070c800000, 0x000000070c800000| Untracked 
|   5|0x000000070ca00000, 0x000000070cc00000, 0x000000070cc00000|100%| O|  |TAMS 0x000000070ca00000, 0x000000070ca00000| Untracked 
|   6|0x000000070cc00000, 0x000000070ce00000, 0x000000070ce00000|100%|HS|  |TAMS 0x000000070cc00000, 0x000000070cc00000| Complete 
|   7|0x000000070ce00000, 0x000000070d000000, 0x000000070d000000|100%|HS|  |TAMS 0x000000070ce00000, 0x000000070ce00000| Complete 
|   8|0x000000070d000000, 0x000000070d200000, 0x000000070d200000|100%| O|  |TAMS 0x000000070d000000, 0x000000070d000000| Untracked 
|   9|0x000000070d200000, 0x000000070d400000, 0x000000070d400000|100%| O|  |TAMS 0x000000070d200000, 0x000000070d200000| Untracked 
|  10|0x000000070d400000, 0x000000070d4db000, 0x000000070d600000| 42%| O|  |TAMS 0x000000070d400000, 0x000000070d400000| Untracked 
|  11|0x000000070d600000, 0x000000070d600000, 0x000000070d800000|  0%| F|  |TAMS 0x000000070d600000, 0x000000070d600000| Untracked 
|  12|0x000000070d800000, 0x000000070d800000, 0x000000070da00000|  0%| F|  |TAMS 0x000000070d800000, 0x000000070d800000| Untracked 
|  13|0x000000070da00000, 0x000000070da00000, 0x000000070dc00000|  0%| F|  |TAMS 0x000000070da00000, 0x000000070da00000| Untracked 
|  14|0x000000070dc00000, 0x000000070dc00000, 0x000000070de00000|  0%| F|  |TAMS 0x000000070dc00000, 0x000000070dc00000| Untracked 
|  15|0x000000070de00000, 0x000000070de00000, 0x000000070e000000|  0%| F|  |TAMS 0x000000070de00000, 0x000000070de00000| Untracked 
|  16|0x000000070e000000, 0x000000070e000000, 0x000000070e200000|  0%| F|  |TAMS 0x000000070e000000, 0x000000070e000000| Untracked 
|  17|0x000000070e200000, 0x000000070e200000, 0x000000070e400000|  0%| F|  |TAMS 0x000000070e200000, 0x000000070e200000| Untracked 
|  18|0x000000070e400000, 0x000000070e400000, 0x000000070e600000|  0%| F|  |TAMS 0x000000070e400000, 0x000000070e400000| Untracked 
|  19|0x000000070e600000, 0x000000070e600000, 0x000000070e800000|  0%| F|  |TAMS 0x000000070e600000, 0x000000070e600000| Untracked 
|  20|0x000000070e800000, 0x000000070e800000, 0x000000070ea00000|  0%| F|  |TAMS 0x000000070e800000, 0x000000070e800000| Untracked 
|  21|0x000000070ea00000, 0x000000070ea00000, 0x000000070ec00000|  0%| F|  |TAMS 0x000000070ea00000, 0x000000070ea00000| Untracked 
|  22|0x000000070ec00000, 0x000000070ec00000, 0x000000070ee00000|  0%| F|  |TAMS 0x000000070ec00000, 0x000000070ec00000| Untracked 
|  23|0x000000070ee00000, 0x000000070ee00000, 0x000000070f000000|  0%| F|  |TAMS 0x000000070ee00000, 0x000000070ee00000| Untracked 
|  24|0x000000070f000000, 0x000000070f000000, 0x000000070f200000|  0%| F|  |TAMS 0x000000070f000000, 0x000000070f000000| Untracked 
|  25|0x000000070f200000, 0x000000070f200000, 0x000000070f400000|  0%| F|  |TAMS 0x000000070f200000, 0x000000070f200000| Untracked 
|  26|0x000000070f400000, 0x000000070f400000, 0x000000070f600000|  0%| F|  |TAMS 0x000000070f400000, 0x000000070f400000| Untracked 
|  27|0x000000070f600000, 0x000000070f600000, 0x000000070f800000|  0%| F|  |TAMS 0x000000070f600000, 0x000000070f600000| Untracked 
|  28|0x000000070f800000, 0x000000070f800000, 0x000000070fa00000|  0%| F|  |TAMS 0x000000070f800000, 0x000000070f800000| Untracked 
|  29|0x000000070fa00000, 0x000000070fa00000, 0x000000070fc00000|  0%| F|  |TAMS 0x000000070fa00000, 0x000000070fa00000| Untracked 
|  30|0x000000070fc00000, 0x000000070fc00000, 0x000000070fe00000|  0%| F|  |TAMS 0x000000070fc00000, 0x000000070fc00000| Untracked 
|  31|0x000000070fe00000, 0x000000070fe00000, 0x0000000710000000|  0%| F|  |TAMS 0x000000070fe00000, 0x000000070fe00000| Untracked 
|  32|0x0000000710000000, 0x0000000710000000, 0x0000000710200000|  0%| F|  |TAMS 0x0000000710000000, 0x0000000710000000| Untracked 
|  33|0x0000000710200000, 0x0000000710200000, 0x0000000710400000|  0%| F|  |TAMS 0x0000000710200000, 0x0000000710200000| Untracked 
|  34|0x0000000710400000, 0x0000000710400000, 0x0000000710600000|  0%| F|  |TAMS 0x0000000710400000, 0x0000000710400000| Untracked 
|  35|0x0000000710600000, 0x0000000710600000, 0x0000000710800000|  0%| F|  |TAMS 0x0000000710600000, 0x0000000710600000| Untracked 
|  36|0x0000000710800000, 0x0000000710800000, 0x0000000710a00000|  0%| F|  |TAMS 0x0000000710800000, 0x0000000710800000| Untracked 
|  37|0x0000000710a00000, 0x0000000710a00000, 0x0000000710c00000|  0%| F|  |TAMS 0x0000000710a00000, 0x0000000710a00000| Untracked 
|  38|0x0000000710c00000, 0x0000000710c00000, 0x0000000710e00000|  0%| F|  |TAMS 0x0000000710c00000, 0x0000000710c00000| Untracked 
|  39|0x0000000710e00000, 0x0000000710e00000, 0x0000000711000000|  0%| F|  |TAMS 0x0000000710e00000, 0x0000000710e00000| Untracked 
|  40|0x0000000711000000, 0x0000000711000000, 0x0000000711200000|  0%| F|  |TAMS 0x0000000711000000, 0x0000000711000000| Untracked 
|  41|0x0000000711200000, 0x0000000711200000, 0x0000000711400000|  0%| F|  |TAMS 0x0000000711200000, 0x0000000711200000| Untracked 
|  42|0x0000000711400000, 0x0000000711400000, 0x0000000711600000|  0%| F|  |TAMS 0x0000000711400000, 0x0000000711400000| Untracked 
|  43|0x0000000711600000, 0x0000000711600000, 0x0000000711800000|  0%| F|  |TAMS 0x0000000711600000, 0x0000000711600000| Untracked 
|  44|0x0000000711800000, 0x0000000711800000, 0x0000000711a00000|  0%| F|  |TAMS 0x0000000711800000, 0x0000000711800000| Untracked 
|  45|0x0000000711a00000, 0x0000000711a00000, 0x0000000711c00000|  0%| F|  |TAMS 0x0000000711a00000, 0x0000000711a00000| Untracked 
|  46|0x0000000711c00000, 0x0000000711c00000, 0x0000000711e00000|  0%| F|  |TAMS 0x0000000711c00000, 0x0000000711c00000| Untracked 
|  47|0x0000000711e00000, 0x0000000711e00000, 0x0000000712000000|  0%| F|  |TAMS 0x0000000711e00000, 0x0000000711e00000| Untracked 
|  48|0x0000000712000000, 0x0000000712000000, 0x0000000712200000|  0%| F|  |TAMS 0x0000000712000000, 0x0000000712000000| Untracked 
|  49|0x0000000712200000, 0x0000000712200000, 0x0000000712400000|  0%| F|  |TAMS 0x0000000712200000, 0x0000000712200000| Untracked 
|  50|0x0000000712400000, 0x00000007125cdda0, 0x0000000712600000| 90%| S|CS|TAMS 0x0000000712400000, 0x0000000712400000| Complete 
|  51|0x0000000712600000, 0x0000000712800000, 0x0000000712800000|100%| S|CS|TAMS 0x0000000712600000, 0x0000000712600000| Complete 
|  52|0x0000000712800000, 0x0000000712a00000, 0x0000000712a00000|100%| S|CS|TAMS 0x0000000712800000, 0x0000000712800000| Complete 
|  53|0x0000000712a00000, 0x0000000712c00000, 0x0000000712c00000|100%| S|CS|TAMS 0x0000000712a00000, 0x0000000712a00000| Complete 
|  54|0x0000000712c00000, 0x0000000712e00000, 0x0000000712e00000|100%| S|CS|TAMS 0x0000000712c00000, 0x0000000712c00000| Complete 
|  55|0x0000000712e00000, 0x0000000713000000, 0x0000000713000000|100%| S|CS|TAMS 0x0000000712e00000, 0x0000000712e00000| Complete 
|  56|0x0000000713000000, 0x0000000713200000, 0x0000000713200000|100%| S|CS|TAMS 0x0000000713000000, 0x0000000713000000| Complete 
|  57|0x0000000713200000, 0x0000000713200000, 0x0000000713400000|  0%| F|  |TAMS 0x0000000713200000, 0x0000000713200000| Untracked 
|  58|0x0000000713400000, 0x0000000713400000, 0x0000000713600000|  0%| F|  |TAMS 0x0000000713400000, 0x0000000713400000| Untracked 
|  59|0x0000000713600000, 0x0000000713600000, 0x0000000713800000|  0%| F|  |TAMS 0x0000000713600000, 0x0000000713600000| Untracked 
|  60|0x0000000713800000, 0x0000000713800000, 0x0000000713a00000|  0%| F|  |TAMS 0x0000000713800000, 0x0000000713800000| Untracked 
|  61|0x0000000713a00000, 0x0000000713a00000, 0x0000000713c00000|  0%| F|  |TAMS 0x0000000713a00000, 0x0000000713a00000| Untracked 
|  62|0x0000000713c00000, 0x0000000713c00000, 0x0000000713e00000|  0%| F|  |TAMS 0x0000000713c00000, 0x0000000713c00000| Untracked 
|  63|0x0000000713e00000, 0x0000000713e00000, 0x0000000714000000|  0%| F|  |TAMS 0x0000000713e00000, 0x0000000713e00000| Untracked 
|  64|0x0000000714000000, 0x0000000714000000, 0x0000000714200000|  0%| F|  |TAMS 0x0000000714000000, 0x0000000714000000| Untracked 
|  65|0x0000000714200000, 0x0000000714200000, 0x0000000714400000|  0%| F|  |TAMS 0x0000000714200000, 0x0000000714200000| Untracked 
|  66|0x0000000714400000, 0x0000000714400000, 0x0000000714600000|  0%| F|  |TAMS 0x0000000714400000, 0x0000000714400000| Untracked 
|  67|0x0000000714600000, 0x0000000714600000, 0x0000000714800000|  0%| F|  |TAMS 0x0000000714600000, 0x0000000714600000| Untracked 
|  68|0x0000000714800000, 0x0000000714800000, 0x0000000714a00000|  0%| F|  |TAMS 0x0000000714800000, 0x0000000714800000| Untracked 
|  69|0x0000000714a00000, 0x0000000714a00000, 0x0000000714c00000|  0%| F|  |TAMS 0x0000000714a00000, 0x0000000714a00000| Untracked 
|  70|0x0000000714c00000, 0x0000000714c00000, 0x0000000714e00000|  0%| F|  |TAMS 0x0000000714c00000, 0x0000000714c00000| Untracked 
|  71|0x0000000714e00000, 0x0000000714e00000, 0x0000000715000000|  0%| F|  |TAMS 0x0000000714e00000, 0x0000000714e00000| Untracked 
|  72|0x0000000715000000, 0x0000000715000000, 0x0000000715200000|  0%| F|  |TAMS 0x0000000715000000, 0x0000000715000000| Untracked 
|  73|0x0000000715200000, 0x0000000715200000, 0x0000000715400000|  0%| F|  |TAMS 0x0000000715200000, 0x0000000715200000| Untracked 
|  74|0x0000000715400000, 0x0000000715400000, 0x0000000715600000|  0%| F|  |TAMS 0x0000000715400000, 0x0000000715400000| Untracked 
|  75|0x0000000715600000, 0x0000000715600000, 0x0000000715800000|  0%| F|  |TAMS 0x0000000715600000, 0x0000000715600000| Untracked 
|  76|0x0000000715800000, 0x0000000715800000, 0x0000000715a00000|  0%| F|  |TAMS 0x0000000715800000, 0x0000000715800000| Untracked 
|  77|0x0000000715a00000, 0x0000000715a00000, 0x0000000715c00000|  0%| F|  |TAMS 0x0000000715a00000, 0x0000000715a00000| Untracked 
|  78|0x0000000715c00000, 0x0000000715c00000, 0x0000000715e00000|  0%| F|  |TAMS 0x0000000715c00000, 0x0000000715c00000| Untracked 
|  79|0x0000000715e00000, 0x0000000715e00000, 0x0000000716000000|  0%| F|  |TAMS 0x0000000715e00000, 0x0000000715e00000| Untracked 
|  80|0x0000000716000000, 0x0000000716000000, 0x0000000716200000|  0%| F|  |TAMS 0x0000000716000000, 0x0000000716000000| Untracked 
|  81|0x0000000716200000, 0x0000000716200000, 0x0000000716400000|  0%| F|  |TAMS 0x0000000716200000, 0x0000000716200000| Untracked 
|  82|0x0000000716400000, 0x0000000716400000, 0x0000000716600000|  0%| F|  |TAMS 0x0000000716400000, 0x0000000716400000| Untracked 
|  83|0x0000000716600000, 0x0000000716600000, 0x0000000716800000|  0%| F|  |TAMS 0x0000000716600000, 0x0000000716600000| Untracked 
|  84|0x0000000716800000, 0x0000000716800000, 0x0000000716a00000|  0%| F|  |TAMS 0x0000000716800000, 0x0000000716800000| Untracked 
|  85|0x0000000716a00000, 0x0000000716a00000, 0x0000000716c00000|  0%| F|  |TAMS 0x0000000716a00000, 0x0000000716a00000| Untracked 
|  86|0x0000000716c00000, 0x0000000716c00000, 0x0000000716e00000|  0%| F|  |TAMS 0x0000000716c00000, 0x0000000716c00000| Untracked 
|  87|0x0000000716e00000, 0x0000000716e00000, 0x0000000717000000|  0%| F|  |TAMS 0x0000000716e00000, 0x0000000716e00000| Untracked 
|  88|0x0000000717000000, 0x0000000717000000, 0x0000000717200000|  0%| F|  |TAMS 0x0000000717000000, 0x0000000717000000| Untracked 
|  89|0x0000000717200000, 0x0000000717200000, 0x0000000717400000|  0%| F|  |TAMS 0x0000000717200000, 0x0000000717200000| Untracked 
|  90|0x0000000717400000, 0x0000000717400000, 0x0000000717600000|  0%| F|  |TAMS 0x0000000717400000, 0x0000000717400000| Untracked 
|  91|0x0000000717600000, 0x0000000717600000, 0x0000000717800000|  0%| F|  |TAMS 0x0000000717600000, 0x0000000717600000| Untracked 
|  92|0x0000000717800000, 0x0000000717800000, 0x0000000717a00000|  0%| F|  |TAMS 0x0000000717800000, 0x0000000717800000| Untracked 
|  93|0x0000000717a00000, 0x0000000717a00000, 0x0000000717c00000|  0%| F|  |TAMS 0x0000000717a00000, 0x0000000717a00000| Untracked 
|  94|0x0000000717c00000, 0x0000000717daafd8, 0x0000000717e00000| 83%| E|  |TAMS 0x0000000717c00000, 0x0000000717c00000| Complete 
|  95|0x0000000717e00000, 0x0000000718000000, 0x0000000718000000|100%| E|CS|TAMS 0x0000000717e00000, 0x0000000717e00000| Complete 
|  96|0x0000000718000000, 0x0000000718200000, 0x0000000718200000|100%| E|CS|TAMS 0x0000000718000000, 0x0000000718000000| Complete 
|  97|0x0000000718200000, 0x0000000718400000, 0x0000000718400000|100%| E|CS|TAMS 0x0000000718200000, 0x0000000718200000| Complete 
|  98|0x0000000718400000, 0x0000000718600000, 0x0000000718600000|100%| E|CS|TAMS 0x0000000718400000, 0x0000000718400000| Complete 
|  99|0x0000000718600000, 0x0000000718800000, 0x0000000718800000|100%| E|CS|TAMS 0x0000000718600000, 0x0000000718600000| Complete 
| 100|0x0000000718800000, 0x0000000718a00000, 0x0000000718a00000|100%| E|CS|TAMS 0x0000000718800000, 0x0000000718800000| Complete 
| 101|0x0000000718a00000, 0x0000000718c00000, 0x0000000718c00000|100%| E|CS|TAMS 0x0000000718a00000, 0x0000000718a00000| Complete 
| 102|0x0000000718c00000, 0x0000000718e00000, 0x0000000718e00000|100%| E|CS|TAMS 0x0000000718c00000, 0x0000000718c00000| Complete 
| 103|0x0000000718e00000, 0x0000000719000000, 0x0000000719000000|100%| E|CS|TAMS 0x0000000718e00000, 0x0000000718e00000| Complete 
| 104|0x0000000719000000, 0x0000000719200000, 0x0000000719200000|100%| E|CS|TAMS 0x0000000719000000, 0x0000000719000000| Complete 
| 105|0x0000000719200000, 0x0000000719400000, 0x0000000719400000|100%| E|CS|TAMS 0x0000000719200000, 0x0000000719200000| Complete 
| 106|0x0000000719400000, 0x0000000719600000, 0x0000000719600000|100%| E|CS|TAMS 0x0000000719400000, 0x0000000719400000| Complete 
| 107|0x0000000719600000, 0x0000000719800000, 0x0000000719800000|100%| E|CS|TAMS 0x0000000719600000, 0x0000000719600000| Complete 
| 108|0x0000000719800000, 0x0000000719a00000, 0x0000000719a00000|100%| E|CS|TAMS 0x0000000719800000, 0x0000000719800000| Complete 
| 109|0x0000000719a00000, 0x0000000719c00000, 0x0000000719c00000|100%| E|CS|TAMS 0x0000000719a00000, 0x0000000719a00000| Complete 
| 110|0x0000000719c00000, 0x0000000719e00000, 0x0000000719e00000|100%| E|CS|TAMS 0x0000000719c00000, 0x0000000719c00000| Complete 
| 111|0x0000000719e00000, 0x000000071a000000, 0x000000071a000000|100%| E|CS|TAMS 0x0000000719e00000, 0x0000000719e00000| Complete 
| 112|0x000000071a000000, 0x000000071a200000, 0x000000071a200000|100%| E|CS|TAMS 0x000000071a000000, 0x000000071a000000| Complete 
| 113|0x000000071a200000, 0x000000071a400000, 0x000000071a400000|100%| E|CS|TAMS 0x000000071a200000, 0x000000071a200000| Complete 
| 114|0x000000071a400000, 0x000000071a600000, 0x000000071a600000|100%| E|CS|TAMS 0x000000071a400000, 0x000000071a400000| Complete 
| 115|0x000000071a600000, 0x000000071a800000, 0x000000071a800000|100%| E|CS|TAMS 0x000000071a600000, 0x000000071a600000| Complete 
| 116|0x000000071a800000, 0x000000071aa00000, 0x000000071aa00000|100%| E|CS|TAMS 0x000000071a800000, 0x000000071a800000| Complete 
| 117|0x000000071aa00000, 0x000000071ac00000, 0x000000071ac00000|100%| E|CS|TAMS 0x000000071aa00000, 0x000000071aa00000| Complete 
| 118|0x000000071ac00000, 0x000000071ae00000, 0x000000071ae00000|100%| E|CS|TAMS 0x000000071ac00000, 0x000000071ac00000| Complete 
| 119|0x000000071ae00000, 0x000000071b000000, 0x000000071b000000|100%| E|CS|TAMS 0x000000071ae00000, 0x000000071ae00000| Complete 
| 120|0x000000071b000000, 0x000000071b200000, 0x000000071b200000|100%| E|CS|TAMS 0x000000071b000000, 0x000000071b000000| Complete 
| 121|0x000000071b200000, 0x000000071b400000, 0x000000071b400000|100%| E|CS|TAMS 0x000000071b200000, 0x000000071b200000| Complete 

Card table byte_map: [0x0000023e7c830000,0x0000023e7cfd0000] _byte_map_base: 0x0000023e78fd0000

Marking Bits (Prev, Next): (CMBitMap*) 0x0000023e7401aec0, (CMBitMap*) 0x0000023e7401af00
 Prev Bits: [0x0000023e0f000000, 0x0000023e12d00000)
 Next Bits: [0x0000023e12d00000, 0x0000023e16a00000)

Polling page: 0x0000023e73760000

Metaspace:

Usage:
  Non-class:     14.56 MB used.
      Class:      1.86 MB used.
       Both:     16.42 MB used.

Virtual space:
  Non-class space:       16.00 MB reserved,      14.75 MB ( 92%) committed,  2 nodes.
      Class space:        1.00 GB reserved,       2.00 MB ( <1%) committed,  1 nodes.
             Both:        1.02 GB reserved,      16.75 MB (  2%) committed. 

Chunk freelists:
   Non-Class:  820.00 KB
       Class:  1.82 MB
        Both:  2.62 MB

MaxMetaspaceSize: unlimited
CompressedClassSpaceSize: 1.00 GB
Initial GC threshold: 21.00 MB
Current GC threshold: 21.00 MB
CDS: on
MetaspaceReclaimPolicy: balanced
 - commit_granule_bytes: 65536.
 - commit_granule_words: 8192.
 - virtual_space_node_default_size: 1048576.
 - enlarge_chunks_in_place: 1.
 - new_chunks_are_fully_committed: 0.
 - uncommit_free_chunks: 1.
 - use_allocation_guard: 0.
 - handle_deallocations: 1.


Internal statistics:

num_allocs_failed_limit: 0.
num_arena_births: 298.
num_arena_deaths: 0.
num_vsnodes_births: 3.
num_vsnodes_deaths: 0.
num_space_committed: 268.
num_space_uncommitted: 0.
num_chunks_returned_to_freelist: 0.
num_chunks_taken_from_freelist: 722.
num_chunk_merges: 0.
num_chunk_splits: 444.
num_chunks_enlarged: 287.
num_purges: 0.
num_inconsistent_stats: 0.

CodeHeap 'non-profiled nmethods': size=119168Kb used=2532Kb max_used=2532Kb free=116635Kb
 bounds [0x0000023e07ba0000, 0x0000023e07e20000, 0x0000023e0f000000]
CodeHeap 'profiled nmethods': size=119104Kb used=7303Kb max_used=7303Kb free=111800Kb
 bounds [0x0000023e00000000, 0x0000023e00730000, 0x0000023e07450000]
CodeHeap 'non-nmethods': size=7488Kb used=3311Kb max_used=3353Kb free=4176Kb
 bounds [0x0000023e07450000, 0x0000023e077a0000, 0x0000023e07ba0000]
 total_blobs=4920 nmethods=3869 adapters=960
 compilation: enabled
              stopped_count=0, restarted_count=0
 full_count=0

Compilation events (20 events):
Event: 2.168 Thread 0x0000023e1762b650 nmethod 3858 0x0000023e0071af10 code [0x0000023e0071b3a0, 0x0000023e0071d1b8]
Event: 2.168 Thread 0x0000023e173349d0 nmethod 3862 0x0000023e0071dc10 code [0x0000023e0071dfa0, 0x0000023e0071f448]
Event: 2.169 Thread 0x0000023e1c36b5e0 3864       4       jdk.internal.org.objectweb.asm.SymbolTable::addConstantUtf8 (98 bytes)
Event: 2.170 Thread 0x0000023e17287360 3865       3       java.lang.invoke.LambdaForm$Name::internArguments (62 bytes)
Event: 2.170 Thread 0x0000023e173349d0 3866       3       java.lang.invoke.LambdaFormBuffer::indexOf (33 bytes)
Event: 2.170 Thread 0x0000023e1762bb60 3867       1       java.lang.invoke.InvokerBytecodeGenerator::setClassWriter (6 bytes)
Event: 2.170 Thread 0x0000023e1762bb60 nmethod 3867 0x0000023e07e0c210 code [0x0000023e07e0c3a0, 0x0000023e07e0c4b8]
Event: 2.170 Thread 0x0000023e17287360 nmethod 3865 0x0000023e0071fb10 code [0x0000023e0071fd00, 0x0000023e00720408]
Event: 2.170 Thread 0x0000023e1762bb60 3868       1       java.lang.Class::getClassData (5 bytes)
Event: 2.170 Thread 0x0000023e173349d0 nmethod 3866 0x0000023e00720590 code [0x0000023e00720760, 0x0000023e00720b18]
Event: 2.170 Thread 0x0000023e1762bb60 nmethod 3868 0x0000023e07e0c510 code [0x0000023e07e0c6a0, 0x0000023e07e0c778]
Event: 2.171 Thread 0x0000023e173349d0 3869       3       java.lang.Math::floorMod (29 bytes)
Event: 2.171 Thread 0x0000023e1762bb60 3870       3       java.util.Locale::hashCode (41 bytes)
Event: 2.171 Thread 0x0000023e173349d0 nmethod 3869 0x0000023e00720c10 code [0x0000023e00720da0, 0x0000023e00720f58]
Event: 2.171 Thread 0x0000023e173349d0 3871       3       java.util.Calendar::get (10 bytes)
Event: 2.171 Thread 0x0000023e1762bb60 nmethod 3870 0x0000023e00721010 code [0x0000023e007211e0, 0x0000023e00721478]
Event: 2.171 Thread 0x0000023e173349d0 nmethod 3871 0x0000023e00721610 code [0x0000023e007217c0, 0x0000023e00721a28]
Event: 2.171 Thread 0x0000023e1762bb60 3872       3       org.apache.logging.log4j.core.pattern.SimpleLiteralPatternConverter::format (6 bytes)
Event: 2.171 Thread 0x0000023e1762bb60 nmethod 3872 0x0000023e00721b90 code [0x0000023e00721d40, 0x0000023e00721f08]
Event: 2.193 Thread 0x0000023e1c36b5e0 nmethod 3864 0x0000023e07e0c810 code [0x0000023e07e0ca00, 0x0000023e07e0e1d8]

GC Heap History (10 events):
Event: 0.346 GC heap before
{Heap before GC invocations=0 (full 0):
 garbage-first heap   total 249856K, used 28672K [0x000000070c000000, 0x0000000800000000)
  region size 2048K, 11 young (22528K), 0 survivors (0K)
 Metaspace       used 2668K, committed 2880K, reserved 1056768K
  class space    used 254K, committed 384K, reserved 1048576K
}
Event: 0.349 GC heap after
{Heap after GC invocations=1 (full 0):
 garbage-first heap   total 249856K, used 11043K [0x000000070c000000, 0x0000000800000000)
  region size 2048K, 2 young (4096K), 2 survivors (4096K)
 Metaspace       used 2668K, committed 2880K, reserved 1056768K
  class space    used 254K, committed 384K, reserved 1048576K
}
Event: 0.595 GC heap before
{Heap before GC invocations=1 (full 0):
 garbage-first heap   total 249856K, used 33571K [0x000000070c000000, 0x0000000800000000)
  region size 2048K, 13 young (26624K), 2 survivors (4096K)
 Metaspace       used 4901K, committed 5120K, reserved 1056768K
  class space    used 475K, committed 576K, reserved 1048576K
}
Event: 0.598 GC heap after
{Heap after GC invocations=2 (full 0):
 garbage-first heap   total 249856K, used 13033K [0x000000070c000000, 0x0000000800000000)
  region size 2048K, 2 young (4096K), 2 survivors (4096K)
 Metaspace       used 4901K, committed 5120K, reserved 1056768K
  class space    used 475K, committed 576K, reserved 1048576K
}
Event: 0.804 GC heap before
{Heap before GC invocations=2 (full 0):
 garbage-first heap   total 249856K, used 80617K [0x000000070c000000, 0x0000000800000000)
  region size 2048K, 34 young (69632K), 2 survivors (4096K)
 Metaspace       used 4958K, committed 5184K, reserved 1056768K
  class space    used 475K, committed 576K, reserved 1048576K
}
Event: 0.807 GC heap after
{Heap after GC invocations=3 (full 0):
 garbage-first heap   total 249856K, used 19948K [0x000000070c000000, 0x0000000800000000)
  region size 2048K, 4 young (8192K), 4 survivors (8192K)
 Metaspace       used 4958K, committed 5184K, reserved 1056768K
  class space    used 475K, committed 576K, reserved 1048576K
}
Event: 1.264 GC heap before
{Heap before GC invocations=3 (full 0):
 garbage-first heap   total 249856K, used 163308K [0x000000070c000000, 0x0000000800000000)
  region size 2048K, 73 young (149504K), 4 survivors (8192K)
 Metaspace       used 5163K, committed 5440K, reserved 1056768K
  class space    used 485K, committed 640K, reserved 1048576K
}
Event: 1.269 GC heap after
{Heap after GC invocations=4 (full 0):
 garbage-first heap   total 249856K, used 31197K [0x000000070c000000, 0x0000000800000000)
  region size 2048K, 8 young (16384K), 8 survivors (16384K)
 Metaspace       used 5163K, committed 5440K, reserved 1056768K
  class space    used 485K, committed 640K, reserved 1048576K
}
Event: 1.674 GC heap before
{Heap before GC invocations=4 (full 0):
 garbage-first heap   total 249856K, used 164317K [0x000000070c000000, 0x0000000800000000)
  region size 2048K, 73 young (149504K), 8 survivors (16384K)
 Metaspace       used 8112K, committed 8320K, reserved 1056768K
  class space    used 882K, committed 960K, reserved 1048576K
}
Event: 1.680 GC heap after
{Heap after GC invocations=5 (full 0):
 garbage-first heap   total 249856K, used 35491K [0x000000070c000000, 0x0000000800000000)
  region size 2048K, 7 young (14336K), 7 survivors (14336K)
 Metaspace       used 8112K, committed 8320K, reserved 1056768K
  class space    used 882K, committed 960K, reserved 1048576K
}

Deoptimization events (20 events):
Event: 2.095 Thread 0x0000023e73fb0ac0 Uncommon trap: trap_request=0xffffffde fr.pc=0x0000023e07c99308 relative=0x00000000000004c8
Event: 2.095 Thread 0x0000023e73fb0ac0 Uncommon trap: reason=class_check action=maybe_recompile pc=0x0000023e07c99308 method=java.nio.file.FileTreeWalker.visit(Ljava/nio/file/Path;ZZ)Ljava/nio/file/FileTreeWalker$Event; @ 58 c2
Event: 2.095 Thread 0x0000023e73fb0ac0 DEOPT PACKING pc=0x0000023e07c99308 sp=0x000000f2cadfe7d0
Event: 2.095 Thread 0x0000023e73fb0ac0 DEOPT UNPACKING pc=0x0000023e074a23a3 sp=0x000000f2cadfe770 mode 2
Event: 2.095 Thread 0x0000023e73fb0ac0 Uncommon trap: trap_request=0xffffffde fr.pc=0x0000023e07ca51f4 relative=0x0000000000000134
Event: 2.095 Thread 0x0000023e73fb0ac0 Uncommon trap: reason=class_check action=maybe_recompile pc=0x0000023e07ca51f4 method=java.nio.file.Files.isRegularFile(Ljava/nio/file/Path;[Ljava/nio/file/LinkOption;)Z @ 36 c2
Event: 2.095 Thread 0x0000023e73fb0ac0 DEOPT PACKING pc=0x0000023e07ca51f4 sp=0x000000f2cadfe660
Event: 2.095 Thread 0x0000023e73fb0ac0 DEOPT UNPACKING pc=0x0000023e074a23a3 sp=0x000000f2cadfe5f8 mode 2
Event: 2.095 Thread 0x0000023e73fb0ac0 Uncommon trap: trap_request=0xffffffde fr.pc=0x0000023e07c87d7c relative=0x00000000000006fc
Event: 2.095 Thread 0x0000023e73fb0ac0 Uncommon trap: reason=class_check action=maybe_recompile pc=0x0000023e07c87d7c method=java.nio.file.FileTreeWalker.next()Ljava/nio/file/FileTreeWalker$Event; @ 37 c2
Event: 2.095 Thread 0x0000023e73fb0ac0 DEOPT PACKING pc=0x0000023e07c87d7c sp=0x000000f2cadfe740
Event: 2.095 Thread 0x0000023e73fb0ac0 DEOPT UNPACKING pc=0x0000023e074a23a3 sp=0x000000f2cadfe6f8 mode 2
Event: 2.100 Thread 0x0000023e73fb0ac0 Uncommon trap: trap_request=0xffffffde fr.pc=0x0000023e07c890ec relative=0x00000000000000cc
Event: 2.100 Thread 0x0000023e73fb0ac0 Uncommon trap: reason=class_check action=maybe_recompile pc=0x0000023e07c890ec method=java.util.stream.AbstractPipeline.exactOutputSizeIfKnown(Ljava/util/Spliterator;)J @ 16 c2
Event: 2.100 Thread 0x0000023e73fb0ac0 DEOPT PACKING pc=0x0000023e07c890ec sp=0x000000f2cadfed10
Event: 2.100 Thread 0x0000023e73fb0ac0 DEOPT UNPACKING pc=0x0000023e074a23a3 sp=0x000000f2cadfec90 mode 2
Event: 2.169 Thread 0x0000023e185fc4b0 Uncommon trap: trap_request=0xffffff45 fr.pc=0x0000023e07c26024 relative=0x0000000000000104
Event: 2.169 Thread 0x0000023e185fc4b0 Uncommon trap: reason=unstable_if action=reinterpret pc=0x0000023e07c26024 method=java.util.concurrent.TimeUnit.convert(JLjava/util/concurrent/TimeUnit;)J @ 8 c2
Event: 2.169 Thread 0x0000023e185fc4b0 DEOPT PACKING pc=0x0000023e07c26024 sp=0x000000f2cd1fed20
Event: 2.169 Thread 0x0000023e185fc4b0 DEOPT UNPACKING pc=0x0000023e074a23a3 sp=0x000000f2cd1fecd0 mode 2

Classes unloaded (0 events):
No events

Classes redefined (0 events):
No events

Internal exceptions (20 events):
Event: 2.074 Thread 0x0000023e73fb0ac0 Exception <a 'java/lang/NoSuchMethodError'{0x000000071866d430}: 'void java.lang.invoke.DirectMethodHandle$Holder.invokeStaticInit(java.lang.Object, java.lang.Object)'> (0x000000071866d430) 
thrown [s\open\src\hotspot\share\interpreter\linkResolver.cpp, line 759]
Event: 2.074 Thread 0x0000023e73fb0ac0 Exception <a 'java/lang/NoSuchMethodError'{0x0000000718679ca8}: 'java.lang.Object java.lang.invoke.DirectMethodHandle$Holder.invokeStaticInit(java.lang.Object, java.lang.Object, java.lang.Object, java.lang.Object)'> (0x0000000718679ca8) 
thrown [s\open\src\hotspot\share\interpreter\linkResolver.cpp, line 759]
Event: 2.074 Thread 0x0000023e73fb0ac0 Exception <a 'java/lang/IncompatibleClassChangeError'{0x000000071867f550}: Found class java.lang.Object, but interface was expected> (0x000000071867f550) 
thrown [s\open\src\hotspot\share\interpreter\linkResolver.cpp, line 826]
Event: 2.076 Thread 0x0000023e73fb0ac0 Exception <a 'java/lang/IncompatibleClassChangeError'{0x00000007186b3b68}: Found class java.lang.Object, but interface was expected> (0x00000007186b3b68) 
thrown [s\open\src\hotspot\share\interpreter\linkResolver.cpp, line 826]
Event: 2.095 Thread 0x0000023e73fb0ac0 Exception <a 'sun/nio/fs/WindowsException'{0x0000000718444ed0}> (0x0000000718444ed0) 
thrown [s\open\src\hotspot\share\prims\jni.cpp, line 516]
Event: 2.101 Thread 0x0000023e73fb0ac0 Exception <a 'java/lang/NoSuchMethodError'{0x00000007184865c0}: 'java.lang.Object java.lang.invoke.DirectMethodHandle$Holder.invokeVirtual(java.lang.Object, java.lang.Object, java.lang.Object)'> (0x00000007184865c0) 
thrown [s\open\src\hotspot\share\interpreter\linkResolver.cpp, line 759]
Event: 2.112 Thread 0x0000023e73fb0ac0 Exception <a 'sun/nio/fs/WindowsException'{0x000000071858a3c0}> (0x000000071858a3c0) 
thrown [s\open\src\hotspot\share\prims\jni.cpp, line 516]
Event: 2.113 Thread 0x0000023e73fb0ac0 Exception <a 'java/lang/NoSuchMethodError'{0x00000007185b8608}: 'java.lang.Object java.lang.invoke.DirectMethodHandle$Holder.invokeStatic(java.lang.Object, int, java.lang.Object, java.lang.Object, java.lang.Object, java.lang.Object)'> (0x00000007185b8608) 
thrown [s\open\src\hotspot\share\interpreter\linkResolver.cpp, line 759]
Event: 2.114 Thread 0x0000023e73fb0ac0 Exception <a 'java/lang/NoSuchMethodError'{0x00000007185c0e30}: 'java.lang.Object java.lang.invoke.DirectMethodHandle$Holder.newInvokeSpecial(java.lang.Object, int, java.lang.Object, java.lang.Object)'> (0x00000007185c0e30) 
thrown [s\open\src\hotspot\share\interpreter\linkResolver.cpp, line 759]
Event: 2.114 Thread 0x0000023e73fb0ac0 Exception <a 'java/lang/NoSuchMethodError'{0x00000007185c4f38}: 'java.lang.Object java.lang.invoke.DirectMethodHandle$Holder.invokeSpecial(java.lang.Object, java.lang.Object, int, java.lang.Object, java.lang.Object)'> (0x00000007185c4f38) 
thrown [s\open\src\hotspot\share\interpreter\linkResolver.cpp, line 759]
Event: 2.133 Thread 0x0000023e73fb0ac0 Exception <a 'sun/nio/fs/WindowsException'{0x00000007180f0c78}> (0x00000007180f0c78) 
thrown [s\open\src\hotspot\share\prims\jni.cpp, line 516]
Event: 2.133 Thread 0x0000023e73fb0ac0 Exception <a 'sun/nio/fs/WindowsException'{0x00000007180f0fc8}> (0x00000007180f0fc8) 
thrown [s\open\src\hotspot\share\prims\jni.cpp, line 516]
Event: 2.140 Thread 0x0000023e73fb0ac0 Exception <a 'sun/nio/fs/WindowsException'{0x00000007181af6a8}> (0x00000007181af6a8) 
thrown [s\open\src\hotspot\share\prims\jni.cpp, line 516]
Event: 2.140 Thread 0x0000023e73fb0ac0 Exception <a 'sun/nio/fs/WindowsException'{0x00000007181afa08}> (0x00000007181afa08) 
thrown [s\open\src\hotspot\share\prims\jni.cpp, line 516]
Event: 2.146 Thread 0x0000023e73fb0ac0 Exception <a 'java/lang/NoSuchMethodError'{0x0000000717ee91f8}: 'int java.lang.invoke.DirectMethodHandle$Holder.invokeStaticInit(java.lang.Object, java.lang.Object, int, long)'> (0x0000000717ee91f8) 
thrown [s\open\src\hotspot\share\interpreter\linkResolver.cpp, line 759]
Event: 2.147 Thread 0x0000023e73fb0ac0 Exception <a 'java/lang/NoSuchMethodError'{0x0000000717eeed88}: 'java.lang.Object java.lang.invoke.DirectMethodHandle$Holder.newInvokeSpecial(java.lang.Object, java.lang.Object, int)'> (0x0000000717eeed88) 
thrown [s\open\src\hotspot\share\interpreter\linkResolver.cpp, line 759]
Event: 2.148 Thread 0x0000023e73fb0ac0 Exception <a 'java/lang/NoSuchMethodError'{0x0000000717f02960}: 'int java.lang.invoke.DirectMethodHandle$Holder.invokeStaticInit(java.lang.Object, java.lang.Object, long, long)'> (0x0000000717f02960) 
thrown [s\open\src\hotspot\share\interpreter\linkResolver.cpp, line 759]
Event: 2.148 Thread 0x0000023e73fb0ac0 Exception <a 'java/lang/NoSuchMethodError'{0x0000000717f088b8}: 'java.lang.Object java.lang.invoke.DirectMethodHandle$Holder.newInvokeSpecial(java.lang.Object, java.lang.Object, long)'> (0x0000000717f088b8) 
thrown [s\open\src\hotspot\share\interpreter\linkResolver.cpp, line 759]
Event: 2.148 Thread 0x0000023e73fb0ac0 Exception <a 'java/lang/NoSuchMethodError'{0x0000000717f0c428}: 'java.lang.Object java.lang.invoke.Invokers$Holder.linkToTargetMethod(java.lang.Object, long, java.lang.Object)'> (0x0000000717f0c428) 
thrown [s\open\src\hotspot\share\interpreter\linkResolver.cpp, line 759]
Event: 2.149 Thread 0x0000023e73fb0ac0 Exception <a 'java/lang/NoSuchMethodError'{0x0000000717f13ba0}: 'int java.lang.invoke.DirectMethodHandle$Holder.invokeStaticInit(java.lang.Object, java.lang.Object, java.lang.Object, long)'> (0x0000000717f13ba0) 
thrown [s\open\src\hotspot\share\interpreter\linkResolver.cpp, line 759]

VM Operations (20 events):
Event: 1.864 Executing VM operation: HandshakeAllThreads
Event: 1.864 Executing VM operation: HandshakeAllThreads done
Event: 1.865 Executing VM operation: HandshakeAllThreads
Event: 1.865 Executing VM operation: HandshakeAllThreads done
Event: 1.910 Executing VM operation: HandshakeAllThreads
Event: 1.910 Executing VM operation: HandshakeAllThreads done
Event: 1.910 Executing VM operation: HandshakeAllThreads
Event: 1.910 Executing VM operation: HandshakeAllThreads done
Event: 1.943 Executing VM operation: HandshakeAllThreads
Event: 1.943 Executing VM operation: HandshakeAllThreads done
Event: 1.991 Executing VM operation: ICBufferFull
Event: 1.991 Executing VM operation: ICBufferFull done
Event: 2.003 Executing VM operation: HandshakeAllThreads
Event: 2.003 Executing VM operation: HandshakeAllThreads done
Event: 2.045 Executing VM operation: HandshakeAllThreads
Event: 2.045 Executing VM operation: HandshakeAllThreads done
Event: 2.093 Executing VM operation: HandshakeAllThreads
Event: 2.093 Executing VM operation: HandshakeAllThreads done
Event: 2.170 Executing VM operation: HandshakeAllThreads
Event: 2.170 Executing VM operation: HandshakeAllThreads done

Events (20 events):
Event: 2.145 loading class java/nio/DirectDoubleBufferU done
Event: 2.146 loading class java/util/function/LongPredicate
Event: 2.146 loading class java/util/function/LongPredicate done
Event: 2.149 loading class java/nio/InvalidMarkException
Event: 2.149 loading class java/nio/InvalidMarkException done
Event: 2.149 loading class java/nio/BufferUnderflowException
Event: 2.149 loading class java/nio/BufferUnderflowException done
Event: 2.168 loading class java/util/concurrent/ScheduledThreadPoolExecutor$ScheduledFutureTask
Event: 2.168 loading class java/util/concurrent/FutureTask
Event: 2.169 loading class java/util/concurrent/FutureTask done
Event: 2.169 loading class java/util/concurrent/ScheduledThreadPoolExecutor$ScheduledFutureTask done
Event: 2.169 loading class java/util/concurrent/FutureTask$WaitNode
Event: 2.169 loading class java/util/concurrent/FutureTask$WaitNode done
Event: 2.169 loading class java/util/concurrent/Executors$RunnableAdapter
Event: 2.169 loading class java/util/concurrent/Executors$RunnableAdapter done
Event: 2.169 Thread 0x0000023e185fc4b0 Thread added: 0x0000023e185fc4b0
Event: 2.169 loading class java/util/concurrent/locks/AbstractQueuedSynchronizer$ConditionNode
Event: 2.169 loading class java/util/concurrent/ForkJoinPool$ManagedBlocker
Event: 2.169 loading class java/util/concurrent/ForkJoinPool$ManagedBlocker done
Event: 2.169 loading class java/util/concurrent/locks/AbstractQueuedSynchronizer$ConditionNode done


Dynamic libraries:
0x00007ff7d9790000 - 0x00007ff7d97a0000 	C:\Program Files\Java\jdk-17\bin\java.exe
0x00007ff9baf10000 - 0x00007ff9bb124000 	C:\WINDOWS\SYSTEM32\ntdll.dll
0x00007ff9ba220000 - 0x00007ff9ba2e2000 	C:\WINDOWS\System32\KERNEL32.DLL
0x00007ff9b8540000 - 0x00007ff9b88e3000 	C:\WINDOWS\System32\KERNELBASE.dll
0x00007ff9b8a10000 - 0x00007ff9b8b21000 	C:\WINDOWS\System32\ucrtbase.dll
0x00007ff9866a0000 - 0x00007ff9866bb000 	C:\Program Files\Java\jdk-17\bin\VCRUNTIME140.dll
0x00007ff9866c0000 - 0x00007ff9866d9000 	C:\Program Files\Java\jdk-17\bin\jli.dll
0x00007ff9bae00000 - 0x00007ff9baeae000 	C:\WINDOWS\System32\ADVAPI32.dll
0x00007ff9ba2f0000 - 0x00007ff9ba397000 	C:\WINDOWS\System32\msvcrt.dll
0x00007ff9ba0f0000 - 0x00007ff9ba194000 	C:\WINDOWS\System32\sechost.dll
0x00007ff9b9db0000 - 0x00007ff9b9ec7000 	C:\WINDOWS\System32\RPCRT4.dll
0x00007ff9b9ee0000 - 0x00007ff9ba08b000 	C:\WINDOWS\System32\USER32.dll
0x00007ff9a5bc0000 - 0x00007ff9a5e4e000 	C:\WINDOWS\WinSxS\amd64_microsoft.windows.common-controls_6595b64144ccf1df_6.0.22621.1635_none_270f70857386168e\COMCTL32.dll
0x00007ff9b8cc0000 - 0x00007ff9b8ce6000 	C:\WINDOWS\System32\win32u.dll
0x00007ff9ba3a0000 - 0x00007ff9ba3c9000 	C:\WINDOWS\System32\GDI32.dll
0x00007ff9b88f0000 - 0x00007ff9b8a09000 	C:\WINDOWS\System32\gdi32full.dll
0x00007ff9b8c20000 - 0x00007ff9b8cba000 	C:\WINDOWS\System32\msvcp_win.dll
0x00007ff9ad7f0000 - 0x00007ff9ad7fa000 	C:\WINDOWS\SYSTEM32\VERSION.dll
0x00007ff9b9770000 - 0x00007ff9b97a1000 	C:\WINDOWS\System32\IMM32.DLL
0x00007ff9acc90000 - 0x00007ff9acc9c000 	C:\Program Files\Java\jdk-17\bin\vcruntime140_1.dll
0x00007ff986610000 - 0x00007ff98669e000 	C:\Program Files\Java\jdk-17\bin\msvcp140.dll
0x00007ff92d4a0000 - 0x00007ff92e07d000 	C:\Program Files\Java\jdk-17\bin\server\jvm.dll
0x00007ff9b9760000 - 0x00007ff9b9768000 	C:\WINDOWS\System32\PSAPI.DLL
0x00007ff9afbd0000 - 0x00007ff9afc04000 	C:\WINDOWS\SYSTEM32\WINMM.dll
0x00007ff95d240000 - 0x00007ff95d249000 	C:\WINDOWS\SYSTEM32\WSOCK32.dll
0x00007ff9ba1a0000 - 0x00007ff9ba211000 	C:\WINDOWS\System32\WS2_32.dll
0x00007ff9b7450000 - 0x00007ff9b7468000 	C:\WINDOWS\SYSTEM32\kernel.appcore.dll
0x00007ff986600000 - 0x00007ff98660a000 	C:\Program Files\Java\jdk-17\bin\jimage.dll
0x00007ff9b5cb0000 - 0x00007ff9b5ede000 	C:\WINDOWS\SYSTEM32\DBGHELP.DLL
0x00007ff9b9a20000 - 0x00007ff9b9da9000 	C:\WINDOWS\System32\combase.dll
0x00007ff9ba500000 - 0x00007ff9ba5d7000 	C:\WINDOWS\System32\OLEAUT32.dll
0x00007ff9ad4b0000 - 0x00007ff9ad4e2000 	C:\WINDOWS\SYSTEM32\dbgcore.DLL
0x00007ff9b8b30000 - 0x00007ff9b8bab000 	C:\WINDOWS\System32\bcryptPrimitives.dll
0x00007ff9775c0000 - 0x00007ff9775e5000 	C:\Program Files\Java\jdk-17\bin\java.dll
0x00007ff92e400000 - 0x00007ff92e4d7000 	C:\Program Files\Java\jdk-17\bin\jsvml.dll
0x00007ff9b8f50000 - 0x00007ff9b974a000 	C:\WINDOWS\System32\SHELL32.dll
0x00007ff9b6320000 - 0x00007ff9b6bee000 	C:\WINDOWS\SYSTEM32\windows.storage.dll
0x00007ff9b61e0000 - 0x00007ff9b631e000 	C:\WINDOWS\SYSTEM32\wintypes.dll
0x00007ff9b8d10000 - 0x00007ff9b8e01000 	C:\WINDOWS\System32\SHCORE.dll
0x00007ff9ba820000 - 0x00007ff9ba87e000 	C:\WINDOWS\System32\shlwapi.dll
0x00007ff9b8240000 - 0x00007ff9b8261000 	C:\WINDOWS\SYSTEM32\profapi.dll
0x00007ff9775a0000 - 0x00007ff9775b9000 	C:\Program Files\Java\jdk-17\bin\net.dll
0x00007ff9b2310000 - 0x00007ff9b2447000 	C:\WINDOWS\SYSTEM32\WINHTTP.dll
0x00007ff9b78c0000 - 0x00007ff9b7929000 	C:\WINDOWS\system32\mswsock.dll
0x00007ff9371e0000 - 0x00007ff9371f6000 	C:\Program Files\Java\jdk-17\bin\nio.dll
0x00007ff97d2a0000 - 0x00007ff97d2b8000 	C:\Program Files\Java\jdk-17\bin\zip.dll
0x00007ff982e70000 - 0x00007ff982e80000 	C:\Program Files\Java\jdk-17\bin\verify.dll
0x00007ff943840000 - 0x00007ff94384a000 	C:\Program Files\Java\jdk-17\bin\management.dll
0x00007ff9420f0000 - 0x00007ff9420fb000 	C:\Program Files\Java\jdk-17\bin\management_ext.dll
0x00007ff99b850000 - 0x00007ff99b867000 	C:\WINDOWS\system32\napinsp.dll
0x00007ff98f8f0000 - 0x00007ff98f90b000 	C:\WINDOWS\system32\pnrpnsp.dll
0x00007ff9b6e70000 - 0x00007ff9b6f63000 	C:\WINDOWS\SYSTEM32\DNSAPI.dll
0x00007ff9b6e40000 - 0x00007ff9b6e6d000 	C:\WINDOWS\SYSTEM32\IPHLPAPI.DLL
0x00007ff9b9750000 - 0x00007ff9b9759000 	C:\WINDOWS\System32\NSI.dll
0x00007ff98ec50000 - 0x00007ff98ec61000 	C:\WINDOWS\System32\winrnr.dll
0x00007ff9afc10000 - 0x00007ff9afc25000 	C:\WINDOWS\system32\wshbth.dll
0x00007ff9770a0000 - 0x00007ff9770c1000 	C:\WINDOWS\system32\nlansp_c.dll
0x00007ff9af3f0000 - 0x00007ff9af3fa000 	C:\Windows\System32\rasadhlp.dll
0x00007ff9b0130000 - 0x00007ff9b01b4000 	C:\WINDOWS\System32\fwpuclnt.dll
0x00007ff9ab4a0000 - 0x00007ff9ab515000 	C:\Users\savas\AppData\Local\Temp\lwjglsavas\3.3.1-build-7\lwjgl.dll
0x00007ff99d050000 - 0x00007ff99d0b1000 	C:\Users\savas\AppData\Local\Temp\lwjglsavas\3.3.1-build-7\glfw.dll
0x00007ff9ab420000 - 0x00007ff9ab466000 	C:\WINDOWS\SYSTEM32\dinput8.dll
0x00007ff99d160000 - 0x00007ff99d171000 	C:\WINDOWS\SYSTEM32\xinput1_4.dll
0x00007ff9b8000000 - 0x00007ff9b804e000 	C:\WINDOWS\SYSTEM32\cfgmgr32.dll
0x00007ff9b7fd0000 - 0x00007ff9b7ffc000 	C:\WINDOWS\SYSTEM32\DEVOBJ.dll
0x00007ff9b5570000 - 0x00007ff9b559b000 	C:\WINDOWS\SYSTEM32\dwmapi.dll
0x00007ff9ac990000 - 0x00007ff9acb91000 	C:\WINDOWS\SYSTEM32\inputhost.dll
0x00007ff9b47c0000 - 0x00007ff9b48f3000 	C:\WINDOWS\SYSTEM32\CoreMessaging.dll
0x00007ff9b5320000 - 0x00007ff9b53cb000 	C:\WINDOWS\system32\uxtheme.dll
0x00007ff9b7b40000 - 0x00007ff9b7b4c000 	C:\WINDOWS\SYSTEM32\CRYPTBASE.DLL
0x00007ff9ba3d0000 - 0x00007ff9ba4f7000 	C:\WINDOWS\System32\MSCTF.dll
0x00007ff972170000 - 0x00007ff972270000 	C:\WINDOWS\SYSTEM32\opengl32.dll
0x00007ff977730000 - 0x00007ff97775d000 	C:\WINDOWS\SYSTEM32\GLU32.dll
0x00007ff9b5680000 - 0x00007ff9b56b8000 	C:\WINDOWS\SYSTEM32\dxcore.dll
0x00007ff9b1710000 - 0x00007ff9b1758000 	C:\WINDOWS\SYSTEM32\directxdatabasehelper.dll
0x00007ff9b8ea0000 - 0x00007ff9b8f50000 	C:\WINDOWS\System32\clbcatq.dll
0x00007ff9abc70000 - 0x00007ff9abc9d000 	C:\WINDOWS\System32\DriverStore\FileRepository\u0383643.inf_amd64_70ca08b4620b8b9a\B383687\atig6pxx.dll
0x00007ff966f10000 - 0x00007ff96ab45000 	C:\WINDOWS\System32\DriverStore\FileRepository\u0383643.inf_amd64_70ca08b4620b8b9a\B383687\atio6axx.dll
0x00007ff9ba880000 - 0x00007ff9bacf4000 	C:\WINDOWS\System32\SETUPAPI.dll
0x00007ff9b8bb0000 - 0x00007ff9b8c1b000 	C:\WINDOWS\System32\WINTRUST.dll
0x00007ff9b83d0000 - 0x00007ff9b8537000 	C:\WINDOWS\System32\CRYPT32.dll
0x00007ff9b8060000 - 0x00007ff9b8072000 	C:\WINDOWS\SYSTEM32\MSASN1.dll

dbghelp: loaded successfully - version: 4.0.5 - missing functions: none
symbol engine: initialized successfully - sym options: 0x614 - pdb path: .;C:\Program Files\Java\jdk-17\bin;C:\WINDOWS\SYSTEM32;C:\WINDOWS\WinSxS\amd64_microsoft.windows.common-controls_6595b64144ccf1df_6.0.22621.1635_none_270f70857386168e;C:\Program Files\Java\jdk-17\bin\server;C:\Users\savas\AppData\Local\Temp\lwjglsavas\3.3.1-build-7;C:\WINDOWS\System32\DriverStore\FileRepository\u0383643.inf_amd64_70ca08b4620b8b9a\B383687

VM Arguments:
jvm_args: -Dforge.enableGameTest=true -Dforge.enabledGameTestNamespaces=examplemod -Dforge.logging.console.level=debug -Dforge.logging.markers=REGISTRIES -DignoreList=bootstraplauncher,securejarhandler,asm-commons,asm-util,asm-analysis,asm-tree,asm,JarJarFileSystems,client-extra,fmlcore,javafmllanguage,lowcodelanguage,mclanguage,forge- -Djava.net.preferIPv6Addresses=system -DlegacyClassPath.file=D:\ecllpse-workspace\TestMod1\build\classpath\runClient_minecraftClasspath.txt -DmergeModules=jna-5.10.0.jar,jna-platform-5.10.0.jar --module-path=C:\Users\savas\.gradle\caches\modules-2\files-2.1\cpw.mods\bootstraplauncher\1.1.2\c546e00443d8432cda6baa1c860346980742628\bootstraplauncher-1.1.2.jar;C:\Users\savas\.gradle\caches\modules-2\files-2.1\cpw.mods\securejarhandler\2.1.10\51e6a22c6c716beb11e244bf5b8be480f51dd6b5\securejarhandler-2.1.10.jar;C:\Users\savas\.gradle\caches\modules-2\files-2.1\org.ow2.asm\asm-commons\9.5\19ab5b5800a3910d30d3a3e64fdb00fd0cb42de0\asm-commons-9.5.jar;C:\Users\savas\.gradle\caches\modules-2\files-2.1\org.ow2.asm\asm-util\9.5\64b5a1fc8c1b15ed2efd6a063e976bc8d3dc5ffe\asm-util-9.5.jar;C:\Users\savas\.gradle\caches\modules-2\files-2.1\org.ow2.asm\asm-analysis\9.5\490bacc77de7cbc0be1a30bb3471072d705be4a4\asm-analysis-9.5.jar;C:\Users\savas\.gradle\caches\modules-2\files-2.1\org.ow2.asm\asm-tree\9.5\fd33c8b6373abaa675be407082fdfda35021254a\asm-tree-9.5.jar;C:\Users\savas\.gradle\caches\modules-2\files-2.1\org.ow2.asm\asm\9.5\dc6ea1875f4d64fbc85e1691c95b96a3d8569c90\asm-9.5.jar;C:\Users\savas\.gradle\caches\modules-2\files-2.1\net.minecraftforge\JarJarFileSystems\0.3.19\2464eb7d6b9ddb9db36a82cf8a95193e5c6fe020\JarJarFileSystems-0.3.19.jar --add-modules=ALL-MODULE-PATH --add-opens=java.base/java.util.jar=cpw.mods.securejarhandler --add-opens=java.base/java.lang.invoke=cpw.mods.securejarhandler --add-exports=java.base/sun.security.util=cpw.mods.securejarhandler --add-exports=jdk.naming.dns/com.sun.jndi.dns=java.naming -XX:HeapDumpPath=MojangTricksIntelDriversForPerformance_javaw.exe_minecraft.exe.heapdump -Dfile.encoding=windows-1252 -Duser.country=US -Duser.language=en -Duser.variant 
java_command: cpw.mods.bootstraplauncher.BootstrapLauncher --launchTarget forgeclientuserdev --version MOD_DEV --assetIndex 5 --assetsDir C:\Users\savas\.gradle\caches\forge_gradle\assets --gameDir . --fml.forgeVersion 47.1.0 --fml.mcVersion 1.20.1 --fml.forgeGroup net.minecraftforge --fml.mcpVersion 20230612.114412
java_class_path (initial): D:\ecllpse-workspace\TestMod1\build\classes\java\main;D:\ecllpse-workspace\TestMod1\build\resources\main;C:\Users\savas\.gradle\caches\forge_gradle\minecraft_user_repo\net\minecraftforge\forge\1.20.1-47.1.0_mapped_parchment_1.19.2-2022.08.14-1.20\forge-1.20.1-47.1.0_mapped_parchment_1.19.2-2022.08.14-1.20-recomp.jar;C:\Users\savas\.gradle\caches\forge_gradle\minecraft_repo\versions\1.20.1\client-extra.jar;C:\Users\savas\.gradle\caches\modules-2\files-2.1\net.minecraftforge\fmlearlydisplay\1.20.1-47.1.0\faf61a8a8cc80e82a5691fac00149f06eeaf0438\fmlearlydisplay-1.20.1-47.1.0.jar;C:\Users\savas\.gradle\caches\modules-2\files-2.1\net.minecraftforge\javafmllanguage\1.20.1-47.1.0\a2cd58d15791eaac9983e30be0995e66bd48633e\javafmllanguage-1.20.1-47.1.0.jar;C:\Users\savas\.gradle\caches\modules-2\files-2.1\net.minecraftforge\lowcodelanguage\1.20.1-47.1.0\f1f11b7217b8320f1b3eb81c746b7b8a70a9ba06\lowcodelanguage-1.20.1-47.1.0.jar;C:\Users\savas\.gradle\caches\modules-2\files-2.1\net.minecraftforge\mclanguage\1.20.1-47.1.0\ff1b8eeb1bd00dfb130263b8952b931f5369252e\mclanguage-1.20.1-47.1.0.jar;C:\Users\savas\.gradle\caches\modules-2\files-2.1\net.minecraftforge\fmlcore\1.20.1-47.1.0\69ca36ae5b8d45c377a5485dc38a7343e5ebf33c\fmlcore-1.20.1-47.1.0.jar;C:\Users\savas\.gradle\caches\modules-2\files-2.1\net.minecraftforge\fmlloader\1.20.1-47.1.0\f7b5e4ef130d184e0ea48e6d8bf0a2d90757e8c6\fmlloader-1.20.1-47.1.0.jar;C:\Users\savas\.gradle\caches\modules-2\files-2.1\net.minecraftforge\JarJarSelector\0.3.19\376cc9c8ea60720cf027c01fc033de915699801c\JarJarSelector-0.3.19.jar;C:\Users\savas\.gradle\caches\modules-2\files-2.1\net.minecraftforge\JarJarMetadata\0.3.19\83feaa9b770e6ac0e96ee4fc23fa89325c5fe2\JarJarMetadata-0.3.19.jar;C:\Users\savas\.gradle\caches\modules-2\files-2.1\com.google.guava\guava\31.1-jre\60458f877d055d0c9114d9e1a2efb737b4bc282c\guava-31.1-jre.jar;C:\Users\savas\.gradle\caches\modules-2\files-2.1\com.google.code.findbugs\jsr305\3.0.2\25ea2e8b0c33
Launcher Type: SUN_STANDARD

[Global flags]
     intx CICompilerCount                          = 12                                        {product} {ergonomic}
     uint ConcGCThreads                            = 3                                         {product} {ergonomic}
     uint G1ConcRefinementThreads                  = 13                                        {product} {ergonomic}
   size_t G1HeapRegionSize                         = 2097152                                   {product} {ergonomic}
    uintx GCDrainStackTargetSize                   = 64                                        {product} {ergonomic}
    ccstr HeapDumpPath                             = MojangTricksIntelDriversForPerformance_javaw.exe_minecraft.exe.heapdump         {manageable} {command line}
   size_t InitialHeapSize                          = 255852544                                 {product} {ergonomic}
   size_t MarkStackSize                            = 4194304                                   {product} {ergonomic}
   size_t MaxHeapSize                              = 4093640704                                {product} {ergonomic}
   size_t MaxNewSize                               = 2455764992                                {product} {ergonomic}
   size_t MinHeapDeltaBytes                        = 2097152                                   {product} {ergonomic}
   size_t MinHeapSize                              = 8388608                                   {product} {ergonomic}
    uintx NonNMethodCodeHeapSize                   = 7602480                                {pd product} {ergonomic}
    uintx NonProfiledCodeHeapSize                  = 122027880                              {pd product} {ergonomic}
    uintx ProfiledCodeHeapSize                     = 122027880                              {pd product} {ergonomic}
    uintx ReservedCodeCacheSize                    = 251658240                              {pd product} {ergonomic}
     bool SegmentedCodeCache                       = true                                      {product} {ergonomic}
   size_t SoftMaxHeapSize                          = 4093640704                             {manageable} {ergonomic}
     bool UseCompressedClassPointers               = true                           {product lp64_product} {ergonomic}
     bool UseCompressedOops                        = true                           {product lp64_product} {ergonomic}
     bool UseG1GC                                  = true                                      {product} {ergonomic}
     bool UseLargePagesIndividualAllocation        = false                                  {pd product} {ergonomic}

Logging:
Log output configuration:
 #0: stdout all=warning uptime,level,tags
 #1: stderr all=off uptime,level,tags

Environment Variables:
JAVA_HOME=C:\Program Files\Eclipse Adoptium\jre-17.0.7.7-hotspot\
PATH=C:/Users/savas/.p2/pool/plugins/org.eclipse.justj.openjdk.hotspot.jre.full.win32.x86_64_17.0.7.v20230425-1502/jre/bin/server;C:/Users/savas/.p2/pool/plugins/org.eclipse.justj.openjdk.hotspot.jre.full.win32.x86_64_17.0.7.v20230425-1502/jre/bin;C:\Program Files\Eclipse Adoptium\jre-17.0.7.7-hotspot\bin;C:\Program Files\Rockwell Software\RSCommon;C:\Program Files\Common Files\Oracle\Java\javapath;C:\Program Files (x86)\Common Files\Oracle\Java\javapath;C:\WINDOWS\system32;C:\WINDOWS;C:\WINDOWS\System32\Wbem;C:\WINDOWS\System32\WindowsPowerShell\v1.0\;C:\WINDOWS\System32\OpenSSH\;C:\Program Files\NVIDIA Corporation\NVIDIA NvDLISR;C:\Program Files (x86)\NVIDIA Corporation\PhysX\Common;C:\Program Files\dotnet\;C:\Program Files\Git\cmd;C:\Program Files\SciTools\bin\pc-win64;C:\Program Files\nodejs\;C:\Users\savas\AppData\Local\Microsoft\WindowsApps;C:\Users\savas\.dotnet\tools;C:\Users\savas\AppData\Local\Programs\Microsoft VS Code\bin;C:\Users\savas\AppData\Roaming\npm;C:\WINDOWS\system32;
USERNAME=savas
OS=Windows_NT
PROCESSOR_IDENTIFIER=AMD64 Family 25 Model 68 Stepping 1, AuthenticAMD



---------------  S Y S T E M  ---------------

OS:
 Windows 11 , 64 bit Build 22621 (10.0.22621.1778)
OS uptime: 0 days 0:19 hours

CPU: total 16 (initial active 16) (16 cores per cpu, 2 threads per core) family 25 model 68 stepping 1 microcode 0x0, cx8, cmov, fxsr, ht, mmx, 3dnowpref, sse, sse2, sse3, ssse3, sse4a, sse4.1, sse4.2, popcnt, lzcnt, tsc, tscinvbit, avx, avx2, aes, erms, clmul, bmi1, bmi2, adx, sha, fma, vzeroupper, clflush, clflushopt

Memory: 4k page, system-wide physical 15612M (6394M free)
TotalPageFile size 23548M (AvailPageFile size 10296M)
current process WorkingSet (physical memory assigned to process): 314M, peak: 326M
current process commit charge ("private bytes"): 432M, peak: 446M

vm_info: Java HotSpot(TM) 64-Bit Server VM (17.0.7+8-LTS-224) for windows-amd64 JRE (17.0.7+8-LTS-224), built on Feb 28 2023 23:03:02 by "mach5one" with MS VC++ 17.1 (VS2022)

END.
